{"/Users/matheusrech/simulation-game/src/components/3d/anatomy/geometry/CSGOperations.ts": {"path":"/Users/matheusrech/simulation-game/src/components/3d/anatomy/geometry/CSGOperations.ts","statementMap":{"0":{"start":{"line":11,"column":18},"end":{"line":11,"column":null}},"1":{"start":{"line":27,"column":17},"end":{"line":27,"column":null}},"2":{"start":{"line":28,"column":17},"end":{"line":28,"column":null}},"3":{"start":{"line":30,"column":2},"end":{"line":30,"column":null}},"4":{"start":{"line":31,"column":2},"end":{"line":31,"column":null}},"5":{"start":{"line":33,"column":17},"end":{"line":33,"column":null}},"6":{"start":{"line":34,"column":2},"end":{"line":34,"column":null}},"7":{"start":{"line":51,"column":17},"end":{"line":51,"column":null}},"8":{"start":{"line":52,"column":17},"end":{"line":52,"column":null}},"9":{"start":{"line":54,"column":2},"end":{"line":54,"column":null}},"10":{"start":{"line":55,"column":2},"end":{"line":55,"column":null}},"11":{"start":{"line":57,"column":17},"end":{"line":57,"column":null}},"12":{"start":{"line":58,"column":2},"end":{"line":58,"column":null}},"13":{"start":{"line":75,"column":17},"end":{"line":75,"column":null}},"14":{"start":{"line":76,"column":17},"end":{"line":76,"column":null}},"15":{"start":{"line":78,"column":2},"end":{"line":78,"column":null}},"16":{"start":{"line":79,"column":2},"end":{"line":79,"column":null}},"17":{"start":{"line":81,"column":17},"end":{"line":81,"column":null}},"18":{"start":{"line":82,"column":2},"end":{"line":82,"column":null}},"19":{"start":{"line":92,"column":2},"end":{"line":94,"column":null}},"20":{"start":{"line":93,"column":4},"end":{"line":93,"column":null}},"21":{"start":{"line":96,"column":2},"end":{"line":98,"column":null}},"22":{"start":{"line":97,"column":4},"end":{"line":97,"column":null}},"23":{"start":{"line":100,"column":15},"end":{"line":100,"column":null}},"24":{"start":{"line":102,"column":2},"end":{"line":104,"column":null}},"25":{"start":{"line":102,"column":15},"end":{"line":102,"column":18}},"26":{"start":{"line":103,"column":4},"end":{"line":103,"column":null}},"27":{"start":{"line":106,"column":2},"end":{"line":106,"column":null}},"28":{"start":{"line":120,"column":2},"end":{"line":122,"column":null}},"29":{"start":{"line":121,"column":4},"end":{"line":121,"column":null}},"30":{"start":{"line":124,"column":15},"end":{"line":124,"column":null}},"31":{"start":{"line":126,"column":2},"end":{"line":128,"column":null}},"32":{"start":{"line":127,"column":4},"end":{"line":127,"column":null}},"33":{"start":{"line":130,"column":2},"end":{"line":130,"column":null}},"34":{"start":{"line":145,"column":24},"end":{"line":145,"column":null}},"35":{"start":{"line":148,"column":2},"end":{"line":148,"column":null}},"36":{"start":{"line":149,"column":2},"end":{"line":151,"column":null}},"37":{"start":{"line":150,"column":4},"end":{"line":150,"column":null}},"38":{"start":{"line":153,"column":15},"end":{"line":153,"column":null}},"39":{"start":{"line":154,"column":8},"end":{"line":154,"column":null}},"40":{"start":{"line":155,"column":22},"end":{"line":155,"column":null}},"41":{"start":{"line":157,"column":2},"end":{"line":157,"column":null}},"42":{"start":{"line":159,"column":2},"end":{"line":159,"column":null}},"43":{"start":{"line":175,"column":2},"end":{"line":177,"column":null}},"44":{"start":{"line":176,"column":4},"end":{"line":176,"column":null}},"45":{"start":{"line":179,"column":2},"end":{"line":179,"column":null}},"46":{"start":{"line":189,"column":2},"end":{"line":189,"column":null}},"47":{"start":{"line":192,"column":2},"end":{"line":192,"column":null}},"48":{"start":{"line":193,"column":2},"end":{"line":193,"column":null}},"49":{"start":{"line":196,"column":2},"end":{"line":198,"column":null}},"50":{"start":{"line":197,"column":4},"end":{"line":197,"column":null}},"51":{"start":{"line":206,"column":17},"end":{"line":206,"column":null}},"52":{"start":{"line":211,"column":16},"end":{"line":211,"column":null}},"53":{"start":{"line":212,"column":18},"end":{"line":212,"column":null}},"54":{"start":{"line":220,"column":16},"end":{"line":226,"column":null}},"55":{"start":{"line":221,"column":4},"end":{"line":223,"column":null}},"56":{"start":{"line":222,"column":6},"end":{"line":222,"column":null}},"57":{"start":{"line":225,"column":4},"end":{"line":225,"column":null}},"58":{"start":{"line":228,"column":2},"end":{"line":228,"column":null}},"59":{"start":{"line":240,"column":14},"end":{"line":240,"column":null}},"60":{"start":{"line":242,"column":2},"end":{"line":245,"column":null}},"61":{"start":{"line":243,"column":4},"end":{"line":243,"column":null}},"62":{"start":{"line":244,"column":4},"end":{"line":244,"column":null}},"63":{"start":{"line":247,"column":2},"end":{"line":247,"column":null}},"64":{"start":{"line":248,"column":17},"end":{"line":248,"column":null}},"65":{"start":{"line":249,"column":2},"end":{"line":249,"column":null}},"66":{"start":{"line":251,"column":2},"end":{"line":251,"column":null}},"67":{"start":{"line":263,"column":14},"end":{"line":263,"column":null}},"68":{"start":{"line":265,"column":2},"end":{"line":268,"column":null}},"69":{"start":{"line":266,"column":4},"end":{"line":266,"column":null}},"70":{"start":{"line":267,"column":4},"end":{"line":267,"column":null}},"71":{"start":{"line":270,"column":2},"end":{"line":270,"column":null}},"72":{"start":{"line":271,"column":17},"end":{"line":271,"column":null}},"73":{"start":{"line":272,"column":2},"end":{"line":272,"column":null}},"74":{"start":{"line":274,"column":2},"end":{"line":274,"column":null}},"75":{"start":{"line":286,"column":14},"end":{"line":286,"column":null}},"76":{"start":{"line":288,"column":2},"end":{"line":291,"column":null}},"77":{"start":{"line":289,"column":4},"end":{"line":289,"column":null}},"78":{"start":{"line":290,"column":4},"end":{"line":290,"column":null}},"79":{"start":{"line":293,"column":2},"end":{"line":293,"column":null}},"80":{"start":{"line":294,"column":17},"end":{"line":294,"column":null}},"81":{"start":{"line":295,"column":2},"end":{"line":295,"column":null}},"82":{"start":{"line":297,"column":2},"end":{"line":297,"column":null}},"83":{"start":{"line":306,"column":2},"end":{"line":308,"column":null}},"84":{"start":{"line":307,"column":4},"end":{"line":307,"column":null}},"85":{"start":{"line":309,"column":2},"end":{"line":309,"column":null}},"86":{"start":{"line":312,"column":2},"end":{"line":312,"column":null}},"87":{"start":{"line":313,"column":2},"end":{"line":313,"column":null}},"88":{"start":{"line":326,"column":16},"end":{"line":326,"column":null}},"89":{"start":{"line":327,"column":2},"end":{"line":333,"column":null}}},"fnMap":{"0":{"name":"union","decl":{"start":{"line":21,"column":16},"end":{"line":21,"column":null}},"loc":{"start":{"line":26,"column":18},"end":{"line":35,"column":null}},"line":26},"1":{"name":"subtract","decl":{"start":{"line":45,"column":16},"end":{"line":45,"column":null}},"loc":{"start":{"line":50,"column":18},"end":{"line":59,"column":null}},"line":50},"2":{"name":"intersect","decl":{"start":{"line":69,"column":16},"end":{"line":69,"column":null}},"loc":{"start":{"line":74,"column":18},"end":{"line":83,"column":null}},"line":74},"3":{"name":"unionMultiple","decl":{"start":{"line":91,"column":16},"end":{"line":91,"column":30}},"loc":{"start":{"line":91,"column":76},"end":{"line":107,"column":null}},"line":91},"4":{"name":"subtractMultiple","decl":{"start":{"line":116,"column":16},"end":{"line":116,"column":null}},"loc":{"start":{"line":119,"column":18},"end":{"line":131,"column":null}},"line":119},"5":{"name":"createHollowGeometry","decl":{"start":{"line":140,"column":16},"end":{"line":140,"column":null}},"loc":{"start":{"line":143,"column":18},"end":{"line":160,"column":null}},"line":143},"6":{"name":"simplifyGeometry","decl":{"start":{"line":169,"column":16},"end":{"line":169,"column":33}},"loc":{"start":{"line":169,"column":107},"end":{"line":180,"column":null}},"line":169},"7":{"name":"cleanupGeometry","decl":{"start":{"line":187,"column":16},"end":{"line":187,"column":32}},"loc":{"start":{"line":187,"column":64},"end":{"line":199,"column":null}},"line":187},"8":{"name":"generateCacheKey","decl":{"start":{"line":218,"column":9},"end":{"line":218,"column":26}},"loc":{"start":{"line":218,"column":75},"end":{"line":229,"column":null}},"line":218},"9":{"name":"(anonymous_9)","decl":{"start":{"line":220,"column":27},"end":{"line":220,"column":28}},"loc":{"start":{"line":220,"column":38},"end":{"line":226,"column":3}},"line":220},"10":{"name":"cachedUnion","decl":{"start":{"line":235,"column":16},"end":{"line":235,"column":null}},"loc":{"start":{"line":239,"column":18},"end":{"line":252,"column":null}},"line":239},"11":{"name":"cachedSubtract","decl":{"start":{"line":258,"column":16},"end":{"line":258,"column":null}},"loc":{"start":{"line":262,"column":18},"end":{"line":275,"column":null}},"line":262},"12":{"name":"cachedIntersect","decl":{"start":{"line":281,"column":16},"end":{"line":281,"column":null}},"loc":{"start":{"line":285,"column":18},"end":{"line":298,"column":null}},"line":285},"13":{"name":"clearCSGCache","decl":{"start":{"line":304,"column":16},"end":{"line":304,"column":38}},"loc":{"start":{"line":304,"column":38},"end":{"line":314,"column":null}},"line":304},"14":{"name":"getCacheStats","decl":{"start":{"line":319,"column":16},"end":{"line":319,"column":null}},"loc":{"start":{"line":325,"column":2},"end":{"line":334,"column":null}},"line":325}},"branchMap":{"0":{"loc":{"start":{"line":92,"column":2},"end":{"line":94,"column":null}},"type":"if","locations":[{"start":{"line":92,"column":2},"end":{"line":94,"column":null}},{"start":{},"end":{}}],"line":92},"1":{"loc":{"start":{"line":96,"column":2},"end":{"line":98,"column":null}},"type":"if","locations":[{"start":{"line":96,"column":2},"end":{"line":98,"column":null}},{"start":{},"end":{}}],"line":96},"2":{"loc":{"start":{"line":120,"column":2},"end":{"line":122,"column":null}},"type":"if","locations":[{"start":{"line":120,"column":2},"end":{"line":122,"column":null}},{"start":{},"end":{}}],"line":120},"3":{"loc":{"start":{"line":149,"column":2},"end":{"line":151,"column":null}},"type":"if","locations":[{"start":{"line":149,"column":2},"end":{"line":151,"column":null}},{"start":{},"end":{}}],"line":149},"4":{"loc":{"start":{"line":169,"column":59},"end":{"line":169,"column":107}},"type":"default-arg","locations":[{"start":{"line":169,"column":86},"end":{"line":169,"column":107}}],"line":169},"5":{"loc":{"start":{"line":175,"column":2},"end":{"line":177,"column":null}},"type":"if","locations":[{"start":{"line":175,"column":2},"end":{"line":177,"column":null}},{"start":{},"end":{}}],"line":175},"6":{"loc":{"start":{"line":196,"column":2},"end":{"line":198,"column":null}},"type":"if","locations":[{"start":{"line":196,"column":2},"end":{"line":198,"column":null}},{"start":{},"end":{}}],"line":196},"7":{"loc":{"start":{"line":221,"column":4},"end":{"line":223,"column":null}},"type":"if","locations":[{"start":{"line":221,"column":4},"end":{"line":223,"column":null}},{"start":{},"end":{}}],"line":221},"8":{"loc":{"start":{"line":221,"column":8},"end":{"line":221,"column":63}},"type":"binary-expr","locations":[{"start":{"line":221,"column":8},"end":{"line":221,"column":17}},{"start":{"line":221,"column":17},"end":{"line":221,"column":46}},{"start":{"line":221,"column":46},"end":{"line":221,"column":63}}],"line":221},"9":{"loc":{"start":{"line":240,"column":14},"end":{"line":240,"column":null}},"type":"binary-expr","locations":[{"start":{"line":240,"column":14},"end":{"line":240,"column":26}},{"start":{"line":240,"column":26},"end":{"line":240,"column":null}}],"line":240},"10":{"loc":{"start":{"line":242,"column":2},"end":{"line":245,"column":null}},"type":"if","locations":[{"start":{"line":242,"column":2},"end":{"line":245,"column":null}},{"start":{},"end":{}}],"line":242},"11":{"loc":{"start":{"line":263,"column":14},"end":{"line":263,"column":null}},"type":"binary-expr","locations":[{"start":{"line":263,"column":14},"end":{"line":263,"column":26}},{"start":{"line":263,"column":26},"end":{"line":263,"column":null}}],"line":263},"12":{"loc":{"start":{"line":265,"column":2},"end":{"line":268,"column":null}},"type":"if","locations":[{"start":{"line":265,"column":2},"end":{"line":268,"column":null}},{"start":{},"end":{}}],"line":265},"13":{"loc":{"start":{"line":286,"column":14},"end":{"line":286,"column":null}},"type":"binary-expr","locations":[{"start":{"line":286,"column":14},"end":{"line":286,"column":26}},{"start":{"line":286,"column":26},"end":{"line":286,"column":null}}],"line":286},"14":{"loc":{"start":{"line":288,"column":2},"end":{"line":291,"column":null}},"type":"if","locations":[{"start":{"line":288,"column":2},"end":{"line":291,"column":null}},{"start":{},"end":{}}],"line":288},"15":{"loc":{"start":{"line":332,"column":13},"end":{"line":332,"column":null}},"type":"cond-expr","locations":[{"start":{"line":332,"column":25},"end":{"line":332,"column":45}},{"start":{"line":332,"column":45},"end":{"line":332,"column":null}}],"line":332}},"s":{"0":1,"1":23,"2":23,"3":23,"4":23,"5":23,"6":23,"7":17,"8":17,"9":17,"10":17,"11":17,"12":17,"13":3,"14":3,"15":3,"16":3,"17":3,"18":3,"19":5,"20":1,"21":4,"22":1,"23":3,"24":3,"25":3,"26":6,"27":3,"28":4,"29":1,"30":3,"31":3,"32":6,"33":3,"34":6,"35":6,"36":6,"37":0,"38":6,"39":6,"40":6,"41":6,"42":6,"43":3,"44":1,"45":3,"46":5,"47":5,"48":5,"49":5,"50":3,"51":1,"52":1,"53":1,"54":1,"55":2,"56":2,"57":0,"58":1,"59":16,"60":16,"61":2,"62":2,"63":14,"64":14,"65":14,"66":14,"67":0,"68":0,"69":0,"70":0,"71":0,"72":0,"73":0,"74":0,"75":0,"76":0,"77":0,"78":0,"79":0,"80":0,"81":0,"82":0,"83":14,"84":14,"85":14,"86":14,"87":14,"88":13,"89":13},"f":{"0":23,"1":17,"2":3,"3":5,"4":4,"5":6,"6":3,"7":5,"8":1,"9":2,"10":16,"11":0,"12":0,"13":14,"14":13},"b":{"0":[1,4],"1":[1,3],"2":[1,3],"3":[0,6],"4":[3],"5":[1,2],"6":[3,2],"7":[2,0],"8":[2,2,2],"9":[16,1],"10":[2,14],"11":[0,0],"12":[0,0],"13":[0,0],"14":[0,0],"15":[10,3]},"meta":{"lastBranch":16,"lastFunction":15,"lastStatement":90,"seen":{"s:11:18:11:Infinity":0,"f:21:16:21:Infinity":0,"s:27:17:27:Infinity":1,"s:28:17:28:Infinity":2,"s:30:2:30:Infinity":3,"s:31:2:31:Infinity":4,"s:33:17:33:Infinity":5,"s:34:2:34:Infinity":6,"f:45:16:45:Infinity":1,"s:51:17:51:Infinity":7,"s:52:17:52:Infinity":8,"s:54:2:54:Infinity":9,"s:55:2:55:Infinity":10,"s:57:17:57:Infinity":11,"s:58:2:58:Infinity":12,"f:69:16:69:Infinity":2,"s:75:17:75:Infinity":13,"s:76:17:76:Infinity":14,"s:78:2:78:Infinity":15,"s:79:2:79:Infinity":16,"s:81:17:81:Infinity":17,"s:82:2:82:Infinity":18,"f:91:16:91:30":3,"b:92:2:94:Infinity:undefined:undefined:undefined:undefined":0,"s:92:2:94:Infinity":19,"s:93:4:93:Infinity":20,"b:96:2:98:Infinity:undefined:undefined:undefined:undefined":1,"s:96:2:98:Infinity":21,"s:97:4:97:Infinity":22,"s:100:15:100:Infinity":23,"s:102:2:104:Infinity":24,"s:102:15:102:18":25,"s:103:4:103:Infinity":26,"s:106:2:106:Infinity":27,"f:116:16:116:Infinity":4,"b:120:2:122:Infinity:undefined:undefined:undefined:undefined":2,"s:120:2:122:Infinity":28,"s:121:4:121:Infinity":29,"s:124:15:124:Infinity":30,"s:126:2:128:Infinity":31,"s:127:4:127:Infinity":32,"s:130:2:130:Infinity":33,"f:140:16:140:Infinity":5,"s:145:24:145:Infinity":34,"s:148:2:148:Infinity":35,"b:149:2:151:Infinity:undefined:undefined:undefined:undefined":3,"s:149:2:151:Infinity":36,"s:150:4:150:Infinity":37,"s:153:15:153:Infinity":38,"s:154:8:154:Infinity":39,"s:155:22:155:Infinity":40,"s:157:2:157:Infinity":41,"s:159:2:159:Infinity":42,"f:169:16:169:33":6,"b:169:86:169:107":4,"b:175:2:177:Infinity:undefined:undefined:undefined:undefined":5,"s:175:2:177:Infinity":43,"s:176:4:176:Infinity":44,"s:179:2:179:Infinity":45,"f:187:16:187:32":7,"s:189:2:189:Infinity":46,"s:192:2:192:Infinity":47,"s:193:2:193:Infinity":48,"b:196:2:198:Infinity:undefined:undefined:undefined:undefined":6,"s:196:2:198:Infinity":49,"s:197:4:197:Infinity":50,"s:206:17:206:Infinity":51,"s:211:16:211:Infinity":52,"s:212:18:212:Infinity":53,"f:218:9:218:26":8,"s:220:16:226:Infinity":54,"f:220:27:220:28":9,"b:221:4:223:Infinity:undefined:undefined:undefined:undefined":7,"s:221:4:223:Infinity":55,"b:221:8:221:17:221:17:221:46:221:46:221:63":8,"s:222:6:222:Infinity":56,"s:225:4:225:Infinity":57,"s:228:2:228:Infinity":58,"f:235:16:235:Infinity":10,"s:240:14:240:Infinity":59,"b:240:14:240:26:240:26:240:Infinity":9,"b:242:2:245:Infinity:undefined:undefined:undefined:undefined":10,"s:242:2:245:Infinity":60,"s:243:4:243:Infinity":61,"s:244:4:244:Infinity":62,"s:247:2:247:Infinity":63,"s:248:17:248:Infinity":64,"s:249:2:249:Infinity":65,"s:251:2:251:Infinity":66,"f:258:16:258:Infinity":11,"s:263:14:263:Infinity":67,"b:263:14:263:26:263:26:263:Infinity":11,"b:265:2:268:Infinity:undefined:undefined:undefined:undefined":12,"s:265:2:268:Infinity":68,"s:266:4:266:Infinity":69,"s:267:4:267:Infinity":70,"s:270:2:270:Infinity":71,"s:271:17:271:Infinity":72,"s:272:2:272:Infinity":73,"s:274:2:274:Infinity":74,"f:281:16:281:Infinity":12,"s:286:14:286:Infinity":75,"b:286:14:286:26:286:26:286:Infinity":13,"b:288:2:291:Infinity:undefined:undefined:undefined:undefined":14,"s:288:2:291:Infinity":76,"s:289:4:289:Infinity":77,"s:290:4:290:Infinity":78,"s:293:2:293:Infinity":79,"s:294:17:294:Infinity":80,"s:295:2:295:Infinity":81,"s:297:2:297:Infinity":82,"f:304:16:304:38":13,"s:306:2:308:Infinity":83,"s:307:4:307:Infinity":84,"s:309:2:309:Infinity":85,"s:312:2:312:Infinity":86,"s:313:2:313:Infinity":87,"f:319:16:319:Infinity":14,"s:326:16:326:Infinity":88,"s:327:2:333:Infinity":89,"b:332:25:332:45:332:45:332:Infinity":15}}}
,"/Users/matheusrech/simulation-game/src/components/3d/anatomy/geometry/ProceduralGeometry.ts": {"path":"/Users/matheusrech/simulation-game/src/components/3d/anatomy/geometry/ProceduralGeometry.ts","statementMap":{"0":{"start":{"line":9,"column":10},"end":{"line":9,"column":null}},"1":{"start":{"line":10,"column":20},"end":{"line":24,"column":null}},"2":{"start":{"line":26,"column":0},"end":{"line":28,"column":null}},"3":{"start":{"line":26,"column":13},"end":{"line":26,"column":16}},"4":{"start":{"line":27,"column":2},"end":{"line":27,"column":null}},"5":{"start":{"line":34,"column":2},"end":{"line":34,"column":null}},"6":{"start":{"line":41,"column":2},"end":{"line":41,"column":null}},"7":{"start":{"line":48,"column":12},"end":{"line":48,"column":null}},"8":{"start":{"line":49,"column":12},"end":{"line":49,"column":null}},"9":{"start":{"line":50,"column":12},"end":{"line":50,"column":null}},"10":{"start":{"line":51,"column":2},"end":{"line":51,"column":null}},"11":{"start":{"line":63,"column":12},"end":{"line":63,"column":null}},"12":{"start":{"line":64,"column":12},"end":{"line":64,"column":null}},"13":{"start":{"line":65,"column":12},"end":{"line":65,"column":null}},"14":{"start":{"line":68,"column":2},"end":{"line":68,"column":null}},"15":{"start":{"line":69,"column":2},"end":{"line":69,"column":null}},"16":{"start":{"line":70,"column":2},"end":{"line":70,"column":null}},"17":{"start":{"line":73,"column":12},"end":{"line":73,"column":null}},"18":{"start":{"line":74,"column":12},"end":{"line":74,"column":null}},"19":{"start":{"line":75,"column":12},"end":{"line":75,"column":null}},"20":{"start":{"line":78,"column":12},"end":{"line":78,"column":null}},"21":{"start":{"line":79,"column":13},"end":{"line":79,"column":null}},"22":{"start":{"line":80,"column":13},"end":{"line":80,"column":null}},"23":{"start":{"line":81,"column":12},"end":{"line":81,"column":null}},"24":{"start":{"line":82,"column":13},"end":{"line":82,"column":null}},"25":{"start":{"line":83,"column":13},"end":{"line":83,"column":null}},"26":{"start":{"line":86,"column":2},"end":{"line":98,"column":null}},"27":{"start":{"line":117,"column":14},"end":{"line":117,"column":null}},"28":{"start":{"line":118,"column":18},"end":{"line":118,"column":null}},"29":{"start":{"line":119,"column":18},"end":{"line":119,"column":null}},"30":{"start":{"line":120,"column":17},"end":{"line":120,"column":null}},"31":{"start":{"line":122,"column":2},"end":{"line":127,"column":null}},"32":{"start":{"line":122,"column":15},"end":{"line":122,"column":18}},"33":{"start":{"line":123,"column":4},"end":{"line":123,"column":null}},"34":{"start":{"line":124,"column":4},"end":{"line":124,"column":null}},"35":{"start":{"line":125,"column":4},"end":{"line":125,"column":null}},"36":{"start":{"line":126,"column":4},"end":{"line":126,"column":null}},"37":{"start":{"line":129,"column":2},"end":{"line":129,"column":null}},"38":{"start":{"line":145,"column":20},"end":{"line":145,"column":null}},"39":{"start":{"line":146,"column":2},"end":{"line":146,"column":null}},"40":{"start":{"line":146,"column":18},"end":{"line":146,"column":null}},"41":{"start":{"line":148,"column":17},"end":{"line":148,"column":null}},"42":{"start":{"line":150,"column":2},"end":{"line":161,"column":null}},"43":{"start":{"line":150,"column":15},"end":{"line":150,"column":18}},"44":{"start":{"line":151,"column":4},"end":{"line":151,"column":null}},"45":{"start":{"line":154,"column":18},"end":{"line":154,"column":null}},"46":{"start":{"line":157,"column":23},"end":{"line":157,"column":null}},"47":{"start":{"line":158,"column":4},"end":{"line":158,"column":null}},"48":{"start":{"line":160,"column":4},"end":{"line":160,"column":null}},"49":{"start":{"line":163,"column":2},"end":{"line":163,"column":null}},"50":{"start":{"line":164,"column":2},"end":{"line":164,"column":null}},"51":{"start":{"line":179,"column":20},"end":{"line":179,"column":null}},"52":{"start":{"line":180,"column":2},"end":{"line":180,"column":null}},"53":{"start":{"line":180,"column":18},"end":{"line":180,"column":null}},"54":{"start":{"line":182,"column":17},"end":{"line":182,"column":null}},"55":{"start":{"line":183,"column":17},"end":{"line":183,"column":null}},"56":{"start":{"line":185,"column":2},"end":{"line":196,"column":null}},"57":{"start":{"line":185,"column":15},"end":{"line":185,"column":18}},"58":{"start":{"line":186,"column":4},"end":{"line":186,"column":null}},"59":{"start":{"line":189,"column":18},"end":{"line":189,"column":null}},"60":{"start":{"line":190,"column":23},"end":{"line":190,"column":null}},"61":{"start":{"line":193,"column":4},"end":{"line":193,"column":null}},"62":{"start":{"line":194,"column":4},"end":{"line":194,"column":null}},"63":{"start":{"line":195,"column":4},"end":{"line":195,"column":null}},"64":{"start":{"line":198,"column":2},"end":{"line":198,"column":null}},"65":{"start":{"line":208,"column":22},"end":{"line":208,"column":null}},"66":{"start":{"line":209,"column":20},"end":{"line":209,"column":null}},"67":{"start":{"line":212,"column":2},"end":{"line":214,"column":null}},"68":{"start":{"line":213,"column":4},"end":{"line":213,"column":null}},"69":{"start":{"line":216,"column":18},"end":{"line":216,"column":null}},"70":{"start":{"line":217,"column":17},"end":{"line":217,"column":null}},"71":{"start":{"line":218,"column":17},"end":{"line":218,"column":null}},"72":{"start":{"line":220,"column":2},"end":{"line":228,"column":null}},"73":{"start":{"line":220,"column":15},"end":{"line":220,"column":18}},"74":{"start":{"line":221,"column":4},"end":{"line":221,"column":null}},"75":{"start":{"line":222,"column":4},"end":{"line":222,"column":null}},"76":{"start":{"line":225,"column":4},"end":{"line":225,"column":null}},"77":{"start":{"line":227,"column":4},"end":{"line":227,"column":null}},"78":{"start":{"line":230,"column":2},"end":{"line":230,"column":null}},"79":{"start":{"line":231,"column":2},"end":{"line":231,"column":null}},"80":{"start":{"line":233,"column":2},"end":{"line":233,"column":null}},"81":{"start":{"line":249,"column":20},"end":{"line":249,"column":null}},"82":{"start":{"line":250,"column":17},"end":{"line":250,"column":null}},"83":{"start":{"line":252,"column":2},"end":{"line":256,"column":null}},"84":{"start":{"line":252,"column":15},"end":{"line":252,"column":18}},"85":{"start":{"line":253,"column":4},"end":{"line":253,"column":null}},"86":{"start":{"line":254,"column":4},"end":{"line":254,"column":null}},"87":{"start":{"line":255,"column":4},"end":{"line":255,"column":null}},"88":{"start":{"line":258,"column":2},"end":{"line":258,"column":null}},"89":{"start":{"line":259,"column":2},"end":{"line":259,"column":null}},"90":{"start":{"line":260,"column":2},"end":{"line":260,"column":null}},"91":{"start":{"line":261,"column":2},"end":{"line":261,"column":null}},"92":{"start":{"line":275,"column":20},"end":{"line":275,"column":null}},"93":{"start":{"line":277,"column":2},"end":{"line":320,"column":null}},"94":{"start":{"line":277,"column":18},"end":{"line":277,"column":21}},"95":{"start":{"line":278,"column":25},"end":{"line":278,"column":null}},"96":{"start":{"line":282,"column":4},"end":{"line":315,"column":null}},"97":{"start":{"line":282,"column":17},"end":{"line":282,"column":20}},"98":{"start":{"line":283,"column":16},"end":{"line":283,"column":null}},"99":{"start":{"line":284,"column":16},"end":{"line":284,"column":null}},"100":{"start":{"line":285,"column":16},"end":{"line":285,"column":null}},"101":{"start":{"line":288,"column":17},"end":{"line":288,"column":null}},"102":{"start":{"line":289,"column":15},"end":{"line":289,"column":null}},"103":{"start":{"line":290,"column":15},"end":{"line":290,"column":null}},"104":{"start":{"line":291,"column":18},"end":{"line":291,"column":null}},"105":{"start":{"line":293,"column":6},"end":{"line":298,"column":null}},"106":{"start":{"line":294,"column":8},"end":{"line":294,"column":null}},"107":{"start":{"line":295,"column":8},"end":{"line":295,"column":null}},"108":{"start":{"line":296,"column":8},"end":{"line":296,"column":null}},"109":{"start":{"line":297,"column":8},"end":{"line":297,"column":null}},"110":{"start":{"line":300,"column":6},"end":{"line":305,"column":null}},"111":{"start":{"line":301,"column":8},"end":{"line":301,"column":null}},"112":{"start":{"line":302,"column":8},"end":{"line":302,"column":null}},"113":{"start":{"line":303,"column":8},"end":{"line":303,"column":null}},"114":{"start":{"line":304,"column":8},"end":{"line":304,"column":null}},"115":{"start":{"line":307,"column":6},"end":{"line":307,"column":null}},"116":{"start":{"line":308,"column":6},"end":{"line":308,"column":null}},"117":{"start":{"line":309,"column":6},"end":{"line":309,"column":null}},"118":{"start":{"line":312,"column":6},"end":{"line":312,"column":null}},"119":{"start":{"line":313,"column":6},"end":{"line":313,"column":null}},"120":{"start":{"line":314,"column":6},"end":{"line":314,"column":null}},"121":{"start":{"line":317,"column":4},"end":{"line":319,"column":null}},"122":{"start":{"line":317,"column":17},"end":{"line":317,"column":20}},"123":{"start":{"line":318,"column":6},"end":{"line":318,"column":null}},"124":{"start":{"line":322,"column":2},"end":{"line":322,"column":null}},"125":{"start":{"line":323,"column":2},"end":{"line":323,"column":null}},"126":{"start":{"line":332,"column":14},"end":{"line":332,"column":null}},"127":{"start":{"line":333,"column":2},"end":{"line":337,"column":null}},"128":{"start":{"line":333,"column":15},"end":{"line":333,"column":20}},"129":{"start":{"line":334,"column":14},"end":{"line":334,"column":null}},"130":{"start":{"line":335,"column":5},"end":{"line":335,"column":null}},"131":{"start":{"line":336,"column":4},"end":{"line":336,"column":null}},"132":{"start":{"line":344,"column":2},"end":{"line":347,"column":null}},"133":{"start":{"line":345,"column":4},"end":{"line":345,"column":null}},"134":{"start":{"line":346,"column":4},"end":{"line":346,"column":null}}},"fnMap":{"0":{"name":"fade","decl":{"start":{"line":33,"column":9},"end":{"line":33,"column":14}},"loc":{"start":{"line":33,"column":33},"end":{"line":35,"column":null}},"line":33},"1":{"name":"lerp","decl":{"start":{"line":40,"column":9},"end":{"line":40,"column":14}},"loc":{"start":{"line":40,"column":55},"end":{"line":42,"column":null}},"line":40},"2":{"name":"grad","decl":{"start":{"line":47,"column":9},"end":{"line":47,"column":14}},"loc":{"start":{"line":47,"column":69},"end":{"line":52,"column":null}},"line":47},"3":{"name":"perlin3D","decl":{"start":{"line":61,"column":16},"end":{"line":61,"column":25}},"loc":{"start":{"line":61,"column":66},"end":{"line":99,"column":null}},"line":61},"4":{"name":"octavePerlin","decl":{"start":{"line":110,"column":16},"end":{"line":110,"column":null}},"loc":{"start":{"line":116,"column":10},"end":{"line":130,"column":null}},"line":116},"5":{"name":"applyNoiseDistortion","decl":{"start":{"line":139,"column":16},"end":{"line":139,"column":null}},"loc":{"start":{"line":144,"column":8},"end":{"line":165,"column":null}},"line":144},"6":{"name":"applyNoiseVertexColors","decl":{"start":{"line":174,"column":16},"end":{"line":174,"column":null}},"loc":{"start":{"line":178,"column":8},"end":{"line":199,"column":null}},"line":178},"7":{"name":"createOffsetGeometry","decl":{"start":{"line":207,"column":16},"end":{"line":207,"column":37}},"loc":{"start":{"line":207,"column":95},"end":{"line":234,"column":null}},"line":207},"8":{"name":"scaleGeometry","decl":{"start":{"line":243,"column":16},"end":{"line":243,"column":null}},"loc":{"start":{"line":248,"column":8},"end":{"line":262,"column":null}},"line":248},"9":{"name":"smoothGeometry","decl":{"start":{"line":270,"column":16},"end":{"line":270,"column":null}},"loc":{"start":{"line":274,"column":8},"end":{"line":324,"column":null}},"line":274},"10":{"name":"setNoiseSeed","decl":{"start":{"line":330,"column":16},"end":{"line":330,"column":29}},"loc":{"start":{"line":330,"column":49},"end":{"line":338,"column":null}},"line":330},"11":{"name":"seedRandom","decl":{"start":{"line":343,"column":9},"end":{"line":343,"column":20}},"loc":{"start":{"line":343,"column":48},"end":{"line":348,"column":null}},"line":343},"12":{"name":"(anonymous_12)","decl":{"start":{"line":344,"column":9},"end":{"line":344,"column":21}},"loc":{"start":{"line":344,"column":21},"end":{"line":347,"column":null}},"line":344}},"branchMap":{"0":{"loc":{"start":{"line":49,"column":12},"end":{"line":49,"column":null}},"type":"cond-expr","locations":[{"start":{"line":49,"column":20},"end":{"line":49,"column":24}},{"start":{"line":49,"column":24},"end":{"line":49,"column":null}}],"line":49},"1":{"loc":{"start":{"line":50,"column":12},"end":{"line":50,"column":null}},"type":"cond-expr","locations":[{"start":{"line":50,"column":20},"end":{"line":50,"column":24}},{"start":{"line":50,"column":24},"end":{"line":50,"column":null}}],"line":50},"2":{"loc":{"start":{"line":50,"column":24},"end":{"line":50,"column":null}},"type":"cond-expr","locations":[{"start":{"line":50,"column":47},"end":{"line":50,"column":51}},{"start":{"line":50,"column":51},"end":{"line":50,"column":null}}],"line":50},"3":{"loc":{"start":{"line":50,"column":24},"end":{"line":50,"column":47}},"type":"binary-expr","locations":[{"start":{"line":50,"column":24},"end":{"line":50,"column":36}},{"start":{"line":50,"column":36},"end":{"line":50,"column":47}}],"line":50},"4":{"loc":{"start":{"line":51,"column":2},"end":{"line":51,"column":38}},"type":"cond-expr","locations":[{"start":{"line":51,"column":26},"end":{"line":51,"column":30}},{"start":{"line":51,"column":30},"end":{"line":51,"column":38}}],"line":51},"5":{"loc":{"start":{"line":51,"column":31},"end":{"line":51,"column":null}},"type":"cond-expr","locations":[{"start":{"line":51,"column":53},"end":{"line":51,"column":57}},{"start":{"line":51,"column":57},"end":{"line":51,"column":null}}],"line":51},"6":{"loc":{"start":{"line":114,"column":2},"end":{"line":114,"column":null}},"type":"default-arg","locations":[{"start":{"line":114,"column":20},"end":{"line":114,"column":null}}],"line":114},"7":{"loc":{"start":{"line":115,"column":2},"end":{"line":115,"column":null}},"type":"default-arg","locations":[{"start":{"line":115,"column":24},"end":{"line":115,"column":null}}],"line":115},"8":{"loc":{"start":{"line":141,"column":2},"end":{"line":141,"column":null}},"type":"default-arg","locations":[{"start":{"line":141,"column":21},"end":{"line":141,"column":null}}],"line":141},"9":{"loc":{"start":{"line":142,"column":2},"end":{"line":142,"column":null}},"type":"default-arg","locations":[{"start":{"line":142,"column":22},"end":{"line":142,"column":null}}],"line":142},"10":{"loc":{"start":{"line":143,"column":2},"end":{"line":143,"column":null}},"type":"default-arg","locations":[{"start":{"line":143,"column":20},"end":{"line":143,"column":null}}],"line":143},"11":{"loc":{"start":{"line":146,"column":2},"end":{"line":146,"column":null}},"type":"if","locations":[{"start":{"line":146,"column":2},"end":{"line":146,"column":null}},{"start":{},"end":{}}],"line":146},"12":{"loc":{"start":{"line":176,"column":2},"end":{"line":176,"column":null}},"type":"default-arg","locations":[{"start":{"line":176,"column":22},"end":{"line":176,"column":null}}],"line":176},"13":{"loc":{"start":{"line":177,"column":2},"end":{"line":177,"column":null}},"type":"default-arg","locations":[{"start":{"line":177,"column":22},"end":{"line":177,"column":null}}],"line":177},"14":{"loc":{"start":{"line":180,"column":2},"end":{"line":180,"column":null}},"type":"if","locations":[{"start":{"line":180,"column":2},"end":{"line":180,"column":null}},{"start":{},"end":{}}],"line":180},"15":{"loc":{"start":{"line":212,"column":2},"end":{"line":214,"column":null}},"type":"if","locations":[{"start":{"line":212,"column":2},"end":{"line":214,"column":null}},{"start":{},"end":{}}],"line":212},"16":{"loc":{"start":{"line":272,"column":2},"end":{"line":272,"column":null}},"type":"default-arg","locations":[{"start":{"line":272,"column":23},"end":{"line":272,"column":null}}],"line":272},"17":{"loc":{"start":{"line":273,"column":2},"end":{"line":273,"column":null}},"type":"default-arg","locations":[{"start":{"line":273,"column":19},"end":{"line":273,"column":null}}],"line":273},"18":{"loc":{"start":{"line":293,"column":6},"end":{"line":298,"column":null}},"type":"if","locations":[{"start":{"line":293,"column":6},"end":{"line":298,"column":null}},{"start":{},"end":{}}],"line":293},"19":{"loc":{"start":{"line":300,"column":6},"end":{"line":305,"column":null}},"type":"if","locations":[{"start":{"line":300,"column":6},"end":{"line":305,"column":null}},{"start":{},"end":{}}],"line":300}},"s":{"0":1,"1":1,"2":1,"3":1,"4":256,"5":44037,"6":102753,"7":117432,"8":117432,"9":117432,"10":117432,"11":14679,"12":14679,"13":14679,"14":14679,"15":14679,"16":14679,"17":14679,"18":14679,"19":14679,"20":14679,"21":14679,"22":14679,"23":14679,"24":14679,"25":14679,"26":14679,"27":3098,"28":3098,"29":3098,"30":3098,"31":3098,"32":3098,"33":11522,"34":11522,"35":11522,"36":11522,"37":3098,"38":5,"39":5,"40":0,"41":5,"42":5,"43":5,"44":3045,"45":3045,"46":3045,"47":3045,"48":3045,"49":5,"50":5,"51":5,"52":5,"53":0,"54":5,"55":5,"56":5,"57":5,"58":3045,"59":3045,"60":3045,"61":3045,"62":3045,"63":3045,"64":5,"65":6,"66":6,"67":6,"68":0,"69":6,"70":6,"71":6,"72":6,"73":6,"74":3334,"75":3334,"76":3334,"77":3334,"78":6,"79":6,"80":6,"81":4,"82":4,"83":4,"84":4,"85":1956,"86":1956,"87":1956,"88":4,"89":4,"90":4,"91":4,"92":5,"93":5,"94":5,"95":11,"96":11,"97":11,"98":4779,"99":4779,"100":4779,"101":4779,"102":4779,"103":4779,"104":4779,"105":4779,"106":4768,"107":4768,"108":4768,"109":4768,"110":4779,"111":4768,"112":4768,"113":4768,"114":4768,"115":4779,"116":4779,"117":4779,"118":4779,"119":4779,"120":4779,"121":11,"122":11,"123":14337,"124":5,"125":5,"126":4,"127":4,"128":4,"129":1020,"130":1020,"131":1020,"132":4,"133":1020,"134":1020},"f":{"0":44037,"1":102753,"2":117432,"3":14679,"4":3098,"5":5,"6":5,"7":6,"8":4,"9":5,"10":4,"11":4,"12":1020},"b":{"0":[61272,56160],"1":[33920,83512],"2":[17508,66004],"3":[83512,73809],"4":[62708,54724],"5":[61541,55891],"6":[3098],"7":[3098],"8":[5],"9":[5],"10":[5],"11":[0,5],"12":[5],"13":[5],"14":[0,5],"15":[0,6],"16":[5],"17":[5],"18":[4768,11],"19":[4768,11]},"meta":{"lastBranch":20,"lastFunction":13,"lastStatement":135,"seen":{"s:9:10:9:Infinity":0,"s:10:20:24:Infinity":1,"s:26:0:28:Infinity":2,"s:26:13:26:16":3,"s:27:2:27:Infinity":4,"f:33:9:33:14":0,"s:34:2:34:Infinity":5,"f:40:9:40:14":1,"s:41:2:41:Infinity":6,"f:47:9:47:14":2,"s:48:12:48:Infinity":7,"s:49:12:49:Infinity":8,"b:49:20:49:24:49:24:49:Infinity":0,"s:50:12:50:Infinity":9,"b:50:20:50:24:50:24:50:Infinity":1,"b:50:47:50:51:50:51:50:Infinity":2,"b:50:24:50:36:50:36:50:47":3,"s:51:2:51:Infinity":10,"b:51:26:51:30:51:30:51:38":4,"b:51:53:51:57:51:57:51:Infinity":5,"f:61:16:61:25":3,"s:63:12:63:Infinity":11,"s:64:12:64:Infinity":12,"s:65:12:65:Infinity":13,"s:68:2:68:Infinity":14,"s:69:2:69:Infinity":15,"s:70:2:70:Infinity":16,"s:73:12:73:Infinity":17,"s:74:12:74:Infinity":18,"s:75:12:75:Infinity":19,"s:78:12:78:Infinity":20,"s:79:13:79:Infinity":21,"s:80:13:80:Infinity":22,"s:81:12:81:Infinity":23,"s:82:13:82:Infinity":24,"s:83:13:83:Infinity":25,"s:86:2:98:Infinity":26,"f:110:16:110:Infinity":4,"b:114:20:114:Infinity":6,"b:115:24:115:Infinity":7,"s:117:14:117:Infinity":27,"s:118:18:118:Infinity":28,"s:119:18:119:Infinity":29,"s:120:17:120:Infinity":30,"s:122:2:127:Infinity":31,"s:122:15:122:18":32,"s:123:4:123:Infinity":33,"s:124:4:124:Infinity":34,"s:125:4:125:Infinity":35,"s:126:4:126:Infinity":36,"s:129:2:129:Infinity":37,"f:139:16:139:Infinity":5,"b:141:21:141:Infinity":8,"b:142:22:142:Infinity":9,"b:143:20:143:Infinity":10,"s:145:20:145:Infinity":38,"b:146:2:146:Infinity:undefined:undefined:undefined:undefined":11,"s:146:2:146:Infinity":39,"s:146:18:146:Infinity":40,"s:148:17:148:Infinity":41,"s:150:2:161:Infinity":42,"s:150:15:150:18":43,"s:151:4:151:Infinity":44,"s:154:18:154:Infinity":45,"s:157:23:157:Infinity":46,"s:158:4:158:Infinity":47,"s:160:4:160:Infinity":48,"s:163:2:163:Infinity":49,"s:164:2:164:Infinity":50,"f:174:16:174:Infinity":6,"b:176:22:176:Infinity":12,"b:177:22:177:Infinity":13,"s:179:20:179:Infinity":51,"b:180:2:180:Infinity:undefined:undefined:undefined:undefined":14,"s:180:2:180:Infinity":52,"s:180:18:180:Infinity":53,"s:182:17:182:Infinity":54,"s:183:17:183:Infinity":55,"s:185:2:196:Infinity":56,"s:185:15:185:18":57,"s:186:4:186:Infinity":58,"s:189:18:189:Infinity":59,"s:190:23:190:Infinity":60,"s:193:4:193:Infinity":61,"s:194:4:194:Infinity":62,"s:195:4:195:Infinity":63,"s:198:2:198:Infinity":64,"f:207:16:207:37":7,"s:208:22:208:Infinity":65,"s:209:20:209:Infinity":66,"b:212:2:214:Infinity:undefined:undefined:undefined:undefined":15,"s:212:2:214:Infinity":67,"s:213:4:213:Infinity":68,"s:216:18:216:Infinity":69,"s:217:17:217:Infinity":70,"s:218:17:218:Infinity":71,"s:220:2:228:Infinity":72,"s:220:15:220:18":73,"s:221:4:221:Infinity":74,"s:222:4:222:Infinity":75,"s:225:4:225:Infinity":76,"s:227:4:227:Infinity":77,"s:230:2:230:Infinity":78,"s:231:2:231:Infinity":79,"s:233:2:233:Infinity":80,"f:243:16:243:Infinity":8,"s:249:20:249:Infinity":81,"s:250:17:250:Infinity":82,"s:252:2:256:Infinity":83,"s:252:15:252:18":84,"s:253:4:253:Infinity":85,"s:254:4:254:Infinity":86,"s:255:4:255:Infinity":87,"s:258:2:258:Infinity":88,"s:259:2:259:Infinity":89,"s:260:2:260:Infinity":90,"s:261:2:261:Infinity":91,"f:270:16:270:Infinity":9,"b:272:23:272:Infinity":16,"b:273:19:273:Infinity":17,"s:275:20:275:Infinity":92,"s:277:2:320:Infinity":93,"s:277:18:277:21":94,"s:278:25:278:Infinity":95,"s:282:4:315:Infinity":96,"s:282:17:282:20":97,"s:283:16:283:Infinity":98,"s:284:16:284:Infinity":99,"s:285:16:285:Infinity":100,"s:288:17:288:Infinity":101,"s:289:15:289:Infinity":102,"s:290:15:290:Infinity":103,"s:291:18:291:Infinity":104,"b:293:6:298:Infinity:undefined:undefined:undefined:undefined":18,"s:293:6:298:Infinity":105,"s:294:8:294:Infinity":106,"s:295:8:295:Infinity":107,"s:296:8:296:Infinity":108,"s:297:8:297:Infinity":109,"b:300:6:305:Infinity:undefined:undefined:undefined:undefined":19,"s:300:6:305:Infinity":110,"s:301:8:301:Infinity":111,"s:302:8:302:Infinity":112,"s:303:8:303:Infinity":113,"s:304:8:304:Infinity":114,"s:307:6:307:Infinity":115,"s:308:6:308:Infinity":116,"s:309:6:309:Infinity":117,"s:312:6:312:Infinity":118,"s:313:6:313:Infinity":119,"s:314:6:314:Infinity":120,"s:317:4:319:Infinity":121,"s:317:17:317:20":122,"s:318:6:318:Infinity":123,"s:322:2:322:Infinity":124,"s:323:2:323:Infinity":125,"f:330:16:330:29":10,"s:332:14:332:Infinity":126,"s:333:2:337:Infinity":127,"s:333:15:333:20":128,"s:334:14:334:Infinity":129,"s:335:5:335:Infinity":130,"s:336:4:336:Infinity":131,"f:343:9:343:20":11,"s:344:2:347:Infinity":132,"f:344:9:344:21":12,"s:345:4:345:Infinity":133,"s:346:4:346:Infinity":134}}}
,"/Users/matheusrech/simulation-game/src/components/3d/collision/CollisionManager.tsx": {"path":"/Users/matheusrech/simulation-game/src/components/3d/collision/CollisionManager.tsx","statementMap":{"0":{"start":{"line":39,"column":8},"end":{"line":39,"column":null}},"1":{"start":{"line":40,"column":22},"end":{"line":40,"column":null}},"2":{"start":{"line":43,"column":32},"end":{"line":43,"column":null}},"3":{"start":{"line":44,"column":29},"end":{"line":44,"column":null}},"4":{"start":{"line":45,"column":8},"end":{"line":45,"column":null}},"5":{"start":{"line":46,"column":8},"end":{"line":46,"column":null}},"6":{"start":{"line":51,"column":8},"end":{"line":86,"column":null}},"7":{"start":{"line":52,"column":18},"end":{"line":52,"column":null}},"8":{"start":{"line":53,"column":10},"end":{"line":53,"column":null}},"9":{"start":{"line":56,"column":4},"end":{"line":64,"column":null}},"10":{"start":{"line":57,"column":6},"end":{"line":63,"column":null}},"11":{"start":{"line":67,"column":4},"end":{"line":75,"column":null}},"12":{"start":{"line":68,"column":6},"end":{"line":74,"column":null}},"13":{"start":{"line":78,"column":4},"end":{"line":85,"column":null}},"14":{"start":{"line":91,"column":8},"end":{"line":154,"column":null}},"15":{"start":{"line":93,"column":18},"end":{"line":93,"column":null}},"16":{"start":{"line":96,"column":6},"end":{"line":98,"column":null}},"17":{"start":{"line":97,"column":8},"end":{"line":97,"column":null}},"18":{"start":{"line":100,"column":6},"end":{"line":100,"column":null}},"19":{"start":{"line":103,"column":40},"end":{"line":108,"column":null}},"20":{"start":{"line":111,"column":6},"end":{"line":111,"column":null}},"21":{"start":{"line":112,"column":6},"end":{"line":114,"column":null}},"22":{"start":{"line":113,"column":8},"end":{"line":113,"column":null}},"23":{"start":{"line":117,"column":23},"end":{"line":117,"column":null}},"24":{"start":{"line":120,"column":6},"end":{"line":122,"column":null}},"25":{"start":{"line":121,"column":8},"end":{"line":121,"column":null}},"26":{"start":{"line":125,"column":6},"end":{"line":127,"column":null}},"27":{"start":{"line":126,"column":8},"end":{"line":126,"column":null}},"28":{"start":{"line":130,"column":6},"end":{"line":151,"column":null}},"29":{"start":{"line":131,"column":36},"end":{"line":136,"column":null}},"30":{"start":{"line":138,"column":8},"end":{"line":138,"column":null}},"31":{"start":{"line":139,"column":8},"end":{"line":141,"column":null}},"32":{"start":{"line":140,"column":10},"end":{"line":140,"column":null}},"33":{"start":{"line":144,"column":8},"end":{"line":146,"column":null}},"34":{"start":{"line":145,"column":10},"end":{"line":145,"column":null}},"35":{"start":{"line":148,"column":8},"end":{"line":148,"column":null}},"36":{"start":{"line":150,"column":8},"end":{"line":150,"column":null}},"37":{"start":{"line":159,"column":8},"end":{"line":185,"column":null}},"38":{"start":{"line":160,"column":49},"end":{"line":160,"column":null}},"39":{"start":{"line":163,"column":4},"end":{"line":165,"column":null}},"40":{"start":{"line":164,"column":6},"end":{"line":164,"column":null}},"41":{"start":{"line":168,"column":4},"end":{"line":170,"column":null}},"42":{"start":{"line":169,"column":6},"end":{"line":169,"column":null}},"43":{"start":{"line":172,"column":21},"end":{"line":174,"column":null}},"44":{"start":{"line":172,"column":54},"end":{"line":173,"column":null}},"45":{"start":{"line":176,"column":4},"end":{"line":184,"column":null}},"46":{"start":{"line":190,"column":8},"end":{"line":192,"column":null}},"47":{"start":{"line":191,"column":4},"end":{"line":191,"column":null}},"48":{"start":{"line":197,"column":8},"end":{"line":201,"column":null}},"49":{"start":{"line":198,"column":4},"end":{"line":198,"column":null}},"50":{"start":{"line":199,"column":4},"end":{"line":199,"column":null}},"51":{"start":{"line":200,"column":4},"end":{"line":200,"column":null}},"52":{"start":{"line":203,"column":2},"end":{"line":208,"column":null}},"53":{"start":{"line":216,"column":2},"end":{"line":216,"column":null}}},"fnMap":{"0":{"name":"useCollisionManager","decl":{"start":{"line":33,"column":16},"end":{"line":33,"column":36}},"loc":{"start":{"line":37,"column":31},"end":{"line":209,"column":null}},"line":37},"1":{"name":"(anonymous_1)","decl":{"start":{"line":51,"column":43},"end":{"line":51,"column":44}},"loc":{"start":{"line":51,"column":90},"end":{"line":86,"column":5}},"line":51},"2":{"name":"(anonymous_2)","decl":{"start":{"line":92,"column":4},"end":{"line":92,"column":5}},"loc":{"start":{"line":92,"column":77},"end":{"line":152,"column":null}},"line":92},"3":{"name":"(anonymous_3)","decl":{"start":{"line":159,"column":31},"end":{"line":159,"column":37}},"loc":{"start":{"line":159,"column":37},"end":{"line":185,"column":5}},"line":159},"4":{"name":"(anonymous_4)","decl":{"start":{"line":163,"column":38},"end":{"line":163,"column":39}},"loc":{"start":{"line":163,"column":48},"end":{"line":165,"column":5}},"line":163},"5":{"name":"(anonymous_5)","decl":{"start":{"line":168,"column":37},"end":{"line":168,"column":38}},"loc":{"start":{"line":168,"column":52},"end":{"line":170,"column":5}},"line":168},"6":{"name":"(anonymous_6)","decl":{"start":{"line":172,"column":53},"end":{"line":172,"column":54}},"loc":{"start":{"line":172,"column":54},"end":{"line":173,"column":null}},"line":172},"7":{"name":"(anonymous_7)","decl":{"start":{"line":190,"column":38},"end":{"line":190,"column":44}},"loc":{"start":{"line":190,"column":44},"end":{"line":192,"column":5}},"line":190},"8":{"name":"(anonymous_8)","decl":{"start":{"line":197,"column":28},"end":{"line":197,"column":34}},"loc":{"start":{"line":197,"column":34},"end":{"line":201,"column":5}},"line":197},"9":{"name":"CollisionManager","decl":{"start":{"line":214,"column":16},"end":{"line":214,"column":33}},"loc":{"start":{"line":214,"column":64},"end":{"line":217,"column":null}},"line":214}},"branchMap":{"0":{"loc":{"start":{"line":33,"column":36},"end":{"line":37,"column":31}},"type":"default-arg","locations":[{"start":{"line":37,"column":27},"end":{"line":37,"column":31}}],"line":33},"1":{"loc":{"start":{"line":56,"column":4},"end":{"line":64,"column":null}},"type":"if","locations":[{"start":{"line":56,"column":4},"end":{"line":64,"column":null}},{"start":{},"end":{}}],"line":56},"2":{"loc":{"start":{"line":67,"column":4},"end":{"line":75,"column":null}},"type":"if","locations":[{"start":{"line":67,"column":4},"end":{"line":75,"column":null}},{"start":{},"end":{}}],"line":67},"3":{"loc":{"start":{"line":67,"column":8},"end":{"line":67,"column":63}},"type":"binary-expr","locations":[{"start":{"line":67,"column":8},"end":{"line":67,"column":42}},{"start":{"line":67,"column":42},"end":{"line":67,"column":63}}],"line":67},"4":{"loc":{"start":{"line":82,"column":15},"end":{"line":84,"column":null}},"type":"cond-expr","locations":[{"start":{"line":83,"column":10},"end":{"line":83,"column":null}},{"start":{"line":84,"column":10},"end":{"line":84,"column":null}}],"line":82},"5":{"loc":{"start":{"line":92,"column":49},"end":{"line":92,"column":77}},"type":"default-arg","locations":[{"start":{"line":92,"column":69},"end":{"line":92,"column":77}}],"line":92},"6":{"loc":{"start":{"line":96,"column":6},"end":{"line":98,"column":null}},"type":"if","locations":[{"start":{"line":96,"column":6},"end":{"line":98,"column":null}},{"start":{},"end":{}}],"line":96},"7":{"loc":{"start":{"line":112,"column":6},"end":{"line":114,"column":null}},"type":"if","locations":[{"start":{"line":112,"column":6},"end":{"line":114,"column":null}},{"start":{},"end":{}}],"line":112},"8":{"loc":{"start":{"line":120,"column":6},"end":{"line":122,"column":null}},"type":"if","locations":[{"start":{"line":120,"column":6},"end":{"line":122,"column":null}},{"start":{},"end":{}}],"line":120},"9":{"loc":{"start":{"line":120,"column":10},"end":{"line":120,"column":54}},"type":"binary-expr","locations":[{"start":{"line":120,"column":10},"end":{"line":120,"column":27}},{"start":{"line":120,"column":27},"end":{"line":120,"column":54}}],"line":120},"10":{"loc":{"start":{"line":125,"column":6},"end":{"line":127,"column":null}},"type":"if","locations":[{"start":{"line":125,"column":6},"end":{"line":127,"column":null}},{"start":{},"end":{}}],"line":125},"11":{"loc":{"start":{"line":130,"column":6},"end":{"line":151,"column":null}},"type":"if","locations":[{"start":{"line":130,"column":6},"end":{"line":151,"column":null}},{"start":{"line":149,"column":13},"end":{"line":151,"column":null}}],"line":130},"12":{"loc":{"start":{"line":130,"column":10},"end":{"line":130,"column":57}},"type":"binary-expr","locations":[{"start":{"line":130,"column":10},"end":{"line":130,"column":36}},{"start":{"line":130,"column":36},"end":{"line":130,"column":57}}],"line":130},"13":{"loc":{"start":{"line":139,"column":8},"end":{"line":141,"column":null}},"type":"if","locations":[{"start":{"line":139,"column":8},"end":{"line":141,"column":null}},{"start":{},"end":{}}],"line":139},"14":{"loc":{"start":{"line":144,"column":8},"end":{"line":146,"column":null}},"type":"if","locations":[{"start":{"line":144,"column":8},"end":{"line":146,"column":null}},{"start":{},"end":{}}],"line":144},"15":{"loc":{"start":{"line":181,"column":8},"end":{"line":183,"column":null}},"type":"cond-expr","locations":[{"start":{"line":182,"column":12},"end":{"line":182,"column":null}},{"start":{"line":183,"column":12},"end":{"line":183,"column":null}}],"line":181}},"s":{"0":26,"1":26,"2":26,"3":26,"4":26,"5":26,"6":26,"7":98,"8":98,"9":98,"10":8,"11":90,"12":9,"13":81,"14":26,"15":101,"16":101,"17":3,"18":98,"19":98,"20":98,"21":98,"22":0,"23":98,"24":98,"25":15,"26":98,"27":6,"28":98,"29":17,"30":17,"31":17,"32":0,"33":17,"34":3,"35":17,"36":81,"37":26,"38":8,"39":8,"40":56,"41":8,"42":15,"43":8,"44":15,"45":8,"46":26,"47":4,"48":26,"49":7,"50":7,"51":7,"52":26,"53":0},"f":{"0":26,"1":98,"2":101,"3":8,"4":56,"5":15,"6":15,"7":4,"8":7,"9":0},"b":{"0":[26],"1":[8,90],"2":[9,81],"3":[90,53],"4":[0,81],"5":[101],"6":[3,98],"7":[0,98],"8":[15,83],"9":[98,15],"10":[6,92],"11":[17,81],"12":[98,17],"13":[0,17],"14":[3,14],"15":[6,2]},"meta":{"lastBranch":16,"lastFunction":10,"lastStatement":54,"seen":{"f:33:16:33:36":0,"b:37:27:37:31":0,"s:39:8:39:Infinity":0,"s:40:22:40:Infinity":1,"s:43:32:43:Infinity":2,"s:44:29:44:Infinity":3,"s:45:8:45:Infinity":4,"s:46:8:46:Infinity":5,"s:51:8:86:Infinity":6,"f:51:43:51:44":1,"s:52:18:52:Infinity":7,"s:53:10:53:Infinity":8,"b:56:4:64:Infinity:undefined:undefined:undefined:undefined":1,"s:56:4:64:Infinity":9,"s:57:6:63:Infinity":10,"b:67:4:75:Infinity:undefined:undefined:undefined:undefined":2,"s:67:4:75:Infinity":11,"b:67:8:67:42:67:42:67:63":3,"s:68:6:74:Infinity":12,"s:78:4:85:Infinity":13,"b:83:10:83:Infinity:84:10:84:Infinity":4,"s:91:8:154:Infinity":14,"f:92:4:92:5":2,"b:92:69:92:77":5,"s:93:18:93:Infinity":15,"b:96:6:98:Infinity:undefined:undefined:undefined:undefined":6,"s:96:6:98:Infinity":16,"s:97:8:97:Infinity":17,"s:100:6:100:Infinity":18,"s:103:40:108:Infinity":19,"s:111:6:111:Infinity":20,"b:112:6:114:Infinity:undefined:undefined:undefined:undefined":7,"s:112:6:114:Infinity":21,"s:113:8:113:Infinity":22,"s:117:23:117:Infinity":23,"b:120:6:122:Infinity:undefined:undefined:undefined:undefined":8,"s:120:6:122:Infinity":24,"b:120:10:120:27:120:27:120:54":9,"s:121:8:121:Infinity":25,"b:125:6:127:Infinity:undefined:undefined:undefined:undefined":10,"s:125:6:127:Infinity":26,"s:126:8:126:Infinity":27,"b:130:6:151:Infinity:149:13:151:Infinity":11,"s:130:6:151:Infinity":28,"b:130:10:130:36:130:36:130:57":12,"s:131:36:136:Infinity":29,"s:138:8:138:Infinity":30,"b:139:8:141:Infinity:undefined:undefined:undefined:undefined":13,"s:139:8:141:Infinity":31,"s:140:10:140:Infinity":32,"b:144:8:146:Infinity:undefined:undefined:undefined:undefined":14,"s:144:8:146:Infinity":33,"s:145:10:145:Infinity":34,"s:148:8:148:Infinity":35,"s:150:8:150:Infinity":36,"s:159:8:185:Infinity":37,"f:159:31:159:37":3,"s:160:49:160:Infinity":38,"s:163:4:165:Infinity":39,"f:163:38:163:39":4,"s:164:6:164:Infinity":40,"s:168:4:170:Infinity":41,"f:168:37:168:38":5,"s:169:6:169:Infinity":42,"s:172:21:174:Infinity":43,"f:172:53:172:54":6,"s:172:54:173:Infinity":44,"s:176:4:184:Infinity":45,"b:182:12:182:Infinity:183:12:183:Infinity":15,"s:190:8:192:Infinity":46,"f:190:38:190:44":7,"s:191:4:191:Infinity":47,"s:197:8:201:Infinity":48,"f:197:28:197:34":8,"s:198:4:198:Infinity":49,"s:199:4:199:Infinity":50,"s:200:4:200:Infinity":51,"s:203:2:208:Infinity":52,"f:214:16:214:33":9,"s:216:2:216:Infinity":53}}}
,"/Users/matheusrech/simulation-game/src/components/3d/collision/types.ts": {"path":"/Users/matheusrech/simulation-game/src/components/3d/collision/types.ts","statementMap":{"0":{"start":{"line":33,"column":7},"end":{"line":33,"column":null}},"1":{"start":{"line":35,"column":2},"end":{"line":35,"column":null}},"2":{"start":{"line":37,"column":2},"end":{"line":37,"column":null}},"3":{"start":{"line":39,"column":2},"end":{"line":39,"column":null}},"4":{"start":{"line":33,"column":12},"end":{"line":33,"column":null}}},"fnMap":{"0":{"name":"(anonymous_0)","decl":{"start":{"line":33,"column":7},"end":{"line":33,"column":12}},"loc":{"start":{"line":33,"column":7},"end":{"line":33,"column":null}},"line":33}},"branchMap":{"0":{"loc":{"start":{"line":33,"column":12},"end":{"line":33,"column":null}},"type":"binary-expr","locations":[{"start":{"line":33,"column":12},"end":{"line":33,"column":null}},{"start":{"line":33,"column":12},"end":{"line":33,"column":null}}],"line":33}},"s":{"0":1,"1":1,"2":1,"3":1,"4":1},"f":{"0":1},"b":{"0":[1,1]},"meta":{"lastBranch":1,"lastFunction":1,"lastStatement":5,"seen":{"s:33:7:33:Infinity":0,"f:33:7:33:12":0,"s:35:2:35:Infinity":1,"s:37:2:37:Infinity":2,"s:39:2:39:Infinity":3,"s:33:12:33:Infinity":4,"b:33:12:33:Infinity:33:12:33:Infinity":0}}}
,"/Users/matheusrech/simulation-game/src/components/3d/materials/TissueMaterials.tsx": {"path":"/Users/matheusrech/simulation-game/src/components/3d/materials/TissueMaterials.tsx","statementMap":{"0":{"start":{"line":14,"column":7},"end":{"line":14,"column":null}},"1":{"start":{"line":15,"column":2},"end":{"line":15,"column":null}},"2":{"start":{"line":16,"column":2},"end":{"line":16,"column":null}},"3":{"start":{"line":17,"column":2},"end":{"line":17,"column":null}},"4":{"start":{"line":18,"column":2},"end":{"line":18,"column":null}},"5":{"start":{"line":19,"column":2},"end":{"line":19,"column":null}},"6":{"start":{"line":20,"column":2},"end":{"line":20,"column":null}},"7":{"start":{"line":21,"column":2},"end":{"line":21,"column":null}},"8":{"start":{"line":14,"column":12},"end":{"line":14,"column":null}},"9":{"start":{"line":40,"column":73},"end":{"line":94,"column":null}},"10":{"start":{"line":100,"column":22},"end":{"line":100,"column":null}},"11":{"start":{"line":110,"column":2},"end":{"line":112,"column":null}},"12":{"start":{"line":111,"column":4},"end":{"line":111,"column":null}},"13":{"start":{"line":115,"column":16},"end":{"line":115,"column":null}},"14":{"start":{"line":117,"column":19},"end":{"line":123,"column":null}},"15":{"start":{"line":125,"column":2},"end":{"line":128,"column":null}},"16":{"start":{"line":126,"column":4},"end":{"line":126,"column":null}},"17":{"start":{"line":127,"column":4},"end":{"line":127,"column":null}},"18":{"start":{"line":131,"column":2},"end":{"line":131,"column":null}},"19":{"start":{"line":133,"column":2},"end":{"line":133,"column":null}},"20":{"start":{"line":141,"column":2},"end":{"line":143,"column":null}},"21":{"start":{"line":142,"column":4},"end":{"line":142,"column":null}},"22":{"start":{"line":144,"column":2},"end":{"line":144,"column":null}},"23":{"start":{"line":166,"column":71},"end":{"line":222,"column":null}},"24":{"start":{"line":228,"column":2},"end":{"line":228,"column":null}},"25":{"start":{"line":235,"column":2},"end":{"line":235,"column":null}},"26":{"start":{"line":242,"column":2},"end":{"line":242,"column":null}},"27":{"start":{"line":251,"column":2},"end":{"line":251,"column":null}}},"fnMap":{"0":{"name":"(anonymous_0)","decl":{"start":{"line":14,"column":7},"end":{"line":14,"column":12}},"loc":{"start":{"line":14,"column":7},"end":{"line":14,"column":null}},"line":14},"1":{"name":"createTissueMaterial","decl":{"start":{"line":108,"column":16},"end":{"line":108,"column":37}},"loc":{"start":{"line":108,"column":83},"end":{"line":134,"column":null}},"line":108},"2":{"name":"clearMaterialCache","decl":{"start":{"line":140,"column":16},"end":{"line":140,"column":43}},"loc":{"start":{"line":140,"column":43},"end":{"line":145,"column":null}},"line":140},"3":{"name":"(anonymous_3)","decl":{"start":{"line":141,"column":24},"end":{"line":141,"column":25}},"loc":{"start":{"line":141,"column":38},"end":{"line":143,"column":3}},"line":141},"4":{"name":"getTissueName","decl":{"start":{"line":227,"column":16},"end":{"line":227,"column":30}},"loc":{"start":{"line":227,"column":62},"end":{"line":229,"column":null}},"line":227},"5":{"name":"isCriticalTissue","decl":{"start":{"line":234,"column":16},"end":{"line":234,"column":33}},"loc":{"start":{"line":234,"column":66},"end":{"line":236,"column":null}},"line":234},"6":{"name":"getScorePenalty","decl":{"start":{"line":241,"column":16},"end":{"line":241,"column":32}},"loc":{"start":{"line":241,"column":64},"end":{"line":243,"column":null}},"line":241},"7":{"name":"getVisualEffect","decl":{"start":{"line":248,"column":16},"end":{"line":248,"column":null}},"loc":{"start":{"line":250,"column":55},"end":{"line":252,"column":null}},"line":250}},"branchMap":{"0":{"loc":{"start":{"line":14,"column":12},"end":{"line":14,"column":null}},"type":"binary-expr","locations":[{"start":{"line":14,"column":12},"end":{"line":14,"column":null}},{"start":{"line":14,"column":12},"end":{"line":14,"column":null}}],"line":14},"1":{"loc":{"start":{"line":110,"column":2},"end":{"line":112,"column":null}},"type":"if","locations":[{"start":{"line":110,"column":2},"end":{"line":112,"column":null}},{"start":{},"end":{}}],"line":110},"2":{"loc":{"start":{"line":121,"column":13},"end":{"line":121,"column":null}},"type":"binary-expr","locations":[{"start":{"line":121,"column":13},"end":{"line":121,"column":30}},{"start":{"line":121,"column":30},"end":{"line":121,"column":null}}],"line":121},"3":{"loc":{"start":{"line":122,"column":17},"end":{"line":122,"column":null}},"type":"binary-expr","locations":[{"start":{"line":122,"column":17},"end":{"line":122,"column":38}},{"start":{"line":122,"column":38},"end":{"line":122,"column":null}}],"line":122},"4":{"loc":{"start":{"line":125,"column":2},"end":{"line":128,"column":null}},"type":"if","locations":[{"start":{"line":125,"column":2},"end":{"line":128,"column":null}},{"start":{},"end":{}}],"line":125},"5":{"loc":{"start":{"line":127,"column":33},"end":{"line":127,"column":null}},"type":"binary-expr","locations":[{"start":{"line":127,"column":33},"end":{"line":127,"column":60}},{"start":{"line":127,"column":60},"end":{"line":127,"column":null}}],"line":127}},"s":{"0":1,"1":1,"2":1,"3":1,"4":1,"5":1,"6":1,"7":1,"8":1,"9":1,"10":1,"11":0,"12":0,"13":0,"14":0,"15":0,"16":0,"17":0,"18":0,"19":0,"20":0,"21":0,"22":0,"23":1,"24":0,"25":113,"26":0,"27":0},"f":{"0":1,"1":0,"2":0,"3":0,"4":0,"5":113,"6":0,"7":0},"b":{"0":[1,1],"1":[0,0],"2":[0,0],"3":[0,0],"4":[0,0],"5":[0,0]},"meta":{"lastBranch":6,"lastFunction":8,"lastStatement":28,"seen":{"s:14:7:14:Infinity":0,"f:14:7:14:12":0,"s:15:2:15:Infinity":1,"s:16:2:16:Infinity":2,"s:17:2:17:Infinity":3,"s:18:2:18:Infinity":4,"s:19:2:19:Infinity":5,"s:20:2:20:Infinity":6,"s:21:2:21:Infinity":7,"s:14:12:14:Infinity":8,"b:14:12:14:Infinity:14:12:14:Infinity":0,"s:40:73:94:Infinity":9,"s:100:22:100:Infinity":10,"f:108:16:108:37":1,"b:110:2:112:Infinity:undefined:undefined:undefined:undefined":1,"s:110:2:112:Infinity":11,"s:111:4:111:Infinity":12,"s:115:16:115:Infinity":13,"s:117:19:123:Infinity":14,"b:121:13:121:30:121:30:121:Infinity":2,"b:122:17:122:38:122:38:122:Infinity":3,"b:125:2:128:Infinity:undefined:undefined:undefined:undefined":4,"s:125:2:128:Infinity":15,"s:126:4:126:Infinity":16,"s:127:4:127:Infinity":17,"b:127:33:127:60:127:60:127:Infinity":5,"s:131:2:131:Infinity":18,"s:133:2:133:Infinity":19,"f:140:16:140:43":2,"s:141:2:143:Infinity":20,"f:141:24:141:25":3,"s:142:4:142:Infinity":21,"s:144:2:144:Infinity":22,"s:166:71:222:Infinity":23,"f:227:16:227:30":4,"s:228:2:228:Infinity":24,"f:234:16:234:33":5,"s:235:2:235:Infinity":25,"f:241:16:241:32":6,"s:242:2:242:Infinity":26,"f:248:16:248:Infinity":7,"s:251:2:251:Infinity":27}}}
,"/Users/matheusrech/simulation-game/src/components/3d/safety/SafetyCorridorManager.tsx": {"path":"/Users/matheusrech/simulation-game/src/components/3d/safety/SafetyCorridorManager.tsx","statementMap":{"0":{"start":{"line":9,"column":30},"end":{"line":28,"column":null}},"1":{"start":{"line":30,"column":7},"end":{"line":30,"column":null}},"2":{"start":{"line":31,"column":2},"end":{"line":31,"column":null}},"3":{"start":{"line":32,"column":2},"end":{"line":32,"column":null}},"4":{"start":{"line":33,"column":2},"end":{"line":33,"column":null}},"5":{"start":{"line":34,"column":2},"end":{"line":34,"column":null}},"6":{"start":{"line":30,"column":12},"end":{"line":30,"column":null}},"7":{"start":{"line":95,"column":8},"end":{"line":95,"column":null}},"8":{"start":{"line":96,"column":8},"end":{"line":96,"column":null}},"9":{"start":{"line":99,"column":8},"end":{"line":99,"column":null}},"10":{"start":{"line":102,"column":8},"end":{"line":102,"column":null}},"11":{"start":{"line":103,"column":8},"end":{"line":103,"column":null}},"12":{"start":{"line":104,"column":28},"end":{"line":104,"column":null}},"13":{"start":{"line":109,"column":23},"end":{"line":117,"column":null}},"14":{"start":{"line":113,"column":4},"end":{"line":113,"column":null}},"15":{"start":{"line":113,"column":36},"end":{"line":113,"column":null}},"16":{"start":{"line":114,"column":4},"end":{"line":114,"column":null}},"17":{"start":{"line":114,"column":34},"end":{"line":114,"column":null}},"18":{"start":{"line":115,"column":4},"end":{"line":115,"column":null}},"19":{"start":{"line":115,"column":35},"end":{"line":115,"column":null}},"20":{"start":{"line":116,"column":4},"end":{"line":116,"column":null}},"21":{"start":{"line":123,"column":24},"end":{"line":130,"column":null}},"22":{"start":{"line":124,"column":4},"end":{"line":129,"column":null}},"23":{"start":{"line":125,"column":27},"end":{"line":125,"column":null}},"24":{"start":{"line":126,"column":30},"end":{"line":126,"column":null}},"25":{"start":{"line":127,"column":29},"end":{"line":127,"column":null}},"26":{"start":{"line":128,"column":31},"end":{"line":128,"column":null}},"27":{"start":{"line":131,"column":2},"end":{"line":131,"column":null}},"28":{"start":{"line":141,"column":22},"end":{"line":202,"column":null}},"29":{"start":{"line":142,"column":4},"end":{"line":142,"column":null}},"30":{"start":{"line":142,"column":22},"end":{"line":142,"column":null}},"31":{"start":{"line":145,"column":16},"end":{"line":145,"column":null}},"32":{"start":{"line":146,"column":4},"end":{"line":146,"column":null}},"33":{"start":{"line":146,"column":57},"end":{"line":146,"column":null}},"34":{"start":{"line":147,"column":4},"end":{"line":147,"column":null}},"35":{"start":{"line":150,"column":4},"end":{"line":152,"column":null}},"36":{"start":{"line":151,"column":6},"end":{"line":151,"column":null}},"37":{"start":{"line":154,"column":16},"end":{"line":154,"column":null}},"38":{"start":{"line":157,"column":4},"end":{"line":164,"column":null}},"39":{"start":{"line":158,"column":6},"end":{"line":163,"column":null}},"40":{"start":{"line":160,"column":8},"end":{"line":160,"column":null}},"41":{"start":{"line":162,"column":8},"end":{"line":162,"column":null}},"42":{"start":{"line":167,"column":4},"end":{"line":169,"column":null}},"43":{"start":{"line":168,"column":6},"end":{"line":168,"column":null}},"44":{"start":{"line":171,"column":23},"end":{"line":171,"column":null}},"45":{"start":{"line":172,"column":21},"end":{"line":172,"column":null}},"46":{"start":{"line":174,"column":4},"end":{"line":174,"column":null}},"47":{"start":{"line":175,"column":4},"end":{"line":175,"column":null}},"48":{"start":{"line":178,"column":4},"end":{"line":178,"column":null}},"49":{"start":{"line":181,"column":4},"end":{"line":201,"column":null}},"50":{"start":{"line":183,"column":8},"end":{"line":183,"column":null}},"51":{"start":{"line":184,"column":8},"end":{"line":184,"column":null}},"52":{"start":{"line":185,"column":8},"end":{"line":185,"column":null}},"53":{"start":{"line":186,"column":8},"end":{"line":186,"column":null}},"54":{"start":{"line":187,"column":8},"end":{"line":187,"column":null}},"55":{"start":{"line":189,"column":8},"end":{"line":189,"column":null}},"56":{"start":{"line":190,"column":8},"end":{"line":190,"column":null}},"57":{"start":{"line":191,"column":8},"end":{"line":191,"column":null}},"58":{"start":{"line":192,"column":8},"end":{"line":192,"column":null}},"59":{"start":{"line":193,"column":8},"end":{"line":193,"column":null}},"60":{"start":{"line":196,"column":8},"end":{"line":196,"column":null}},"61":{"start":{"line":197,"column":8},"end":{"line":197,"column":null}},"62":{"start":{"line":198,"column":8},"end":{"line":198,"column":null}},"63":{"start":{"line":199,"column":8},"end":{"line":199,"column":null}},"64":{"start":{"line":200,"column":8},"end":{"line":200,"column":null}},"65":{"start":{"line":207,"column":31},"end":{"line":276,"column":null}},"66":{"start":{"line":208,"column":32},"end":{"line":208,"column":null}},"67":{"start":{"line":211,"column":4},"end":{"line":221,"column":null}},"68":{"start":{"line":212,"column":23},"end":{"line":212,"column":null}},"69":{"start":{"line":213,"column":24},"end":{"line":213,"column":null}},"70":{"start":{"line":214,"column":6},"end":{"line":220,"column":null}},"71":{"start":{"line":224,"column":4},"end":{"line":234,"column":null}},"72":{"start":{"line":225,"column":23},"end":{"line":225,"column":null}},"73":{"start":{"line":226,"column":24},"end":{"line":226,"column":null}},"74":{"start":{"line":227,"column":6},"end":{"line":233,"column":null}},"75":{"start":{"line":237,"column":4},"end":{"line":247,"column":null}},"76":{"start":{"line":238,"column":23},"end":{"line":238,"column":null}},"77":{"start":{"line":239,"column":24},"end":{"line":239,"column":null}},"78":{"start":{"line":240,"column":6},"end":{"line":246,"column":null}},"79":{"start":{"line":250,"column":4},"end":{"line":260,"column":null}},"80":{"start":{"line":251,"column":23},"end":{"line":251,"column":null}},"81":{"start":{"line":252,"column":24},"end":{"line":252,"column":null}},"82":{"start":{"line":253,"column":6},"end":{"line":259,"column":null}},"83":{"start":{"line":263,"column":4},"end":{"line":273,"column":null}},"84":{"start":{"line":264,"column":23},"end":{"line":264,"column":null}},"85":{"start":{"line":265,"column":24},"end":{"line":265,"column":null}},"86":{"start":{"line":266,"column":6},"end":{"line":272,"column":null}},"87":{"start":{"line":275,"column":4},"end":{"line":275,"column":null}},"88":{"start":{"line":279,"column":2},"end":{"line":303,"column":null}},"89":{"start":{"line":280,"column":18},"end":{"line":280,"column":null}},"90":{"start":{"line":283,"column":4},"end":{"line":297,"column":null}},"91":{"start":{"line":284,"column":24},"end":{"line":284,"column":null}},"92":{"start":{"line":287,"column":6},"end":{"line":296,"column":null}},"93":{"start":{"line":288,"column":8},"end":{"line":294,"column":null}},"94":{"start":{"line":293,"column":10},"end":{"line":293,"column":null}},"95":{"start":{"line":295,"column":8},"end":{"line":295,"column":null}},"96":{"start":{"line":300,"column":4},"end":{"line":302,"column":null}},"97":{"start":{"line":301,"column":6},"end":{"line":301,"column":null}},"98":{"start":{"line":306,"column":8},"end":{"line":340,"column":null}},"99":{"start":{"line":307,"column":4},"end":{"line":307,"column":null}},"100":{"start":{"line":307,"column":27},"end":{"line":307,"column":null}},"101":{"start":{"line":309,"column":42},"end":{"line":309,"column":null}},"102":{"start":{"line":311,"column":4},"end":{"line":337,"column":null}},"103":{"start":{"line":312,"column":6},"end":{"line":312,"column":null}},"104":{"start":{"line":312,"column":21},"end":{"line":312,"column":null}},"105":{"start":{"line":314,"column":28},"end":{"line":315,"column":null}},"106":{"start":{"line":316,"column":21},"end":{"line":316,"column":null}},"107":{"start":{"line":319,"column":6},"end":{"line":336,"column":null}},"108":{"start":{"line":325,"column":8},"end":{"line":335,"column":null}},"109":{"start":{"line":339,"column":4},"end":{"line":339,"column":null}},"110":{"start":{"line":342,"column":2},"end":{"line":345,"column":null}},"111":{"start":{"line":353,"column":8},"end":{"line":353,"column":null}},"112":{"start":{"line":355,"column":29},"end":{"line":357,"column":null}},"113":{"start":{"line":356,"column":4},"end":{"line":356,"column":null}},"114":{"start":{"line":359,"column":25},"end":{"line":366,"column":null}},"115":{"start":{"line":360,"column":18},"end":{"line":360,"column":null}},"116":{"start":{"line":360,"column":47},"end":{"line":360,"column":58}},"117":{"start":{"line":362,"column":4},"end":{"line":362,"column":null}},"118":{"start":{"line":362,"column":44},"end":{"line":362,"column":null}},"119":{"start":{"line":363,"column":4},"end":{"line":363,"column":null}},"120":{"start":{"line":363,"column":42},"end":{"line":363,"column":null}},"121":{"start":{"line":364,"column":4},"end":{"line":364,"column":null}},"122":{"start":{"line":364,"column":43},"end":{"line":364,"column":null}},"123":{"start":{"line":365,"column":4},"end":{"line":365,"column":null}},"124":{"start":{"line":368,"column":30},"end":{"line":374,"column":null}},"125":{"start":{"line":369,"column":4},"end":{"line":369,"column":null}},"126":{"start":{"line":369,"column":42},"end":{"line":369,"column":null}},"127":{"start":{"line":371,"column":4},"end":{"line":373,"column":null}},"128":{"start":{"line":372,"column":6},"end":{"line":372,"column":null}},"129":{"start":{"line":376,"column":2},"end":{"line":381,"column":null}}},"fnMap":{"0":{"name":"(anonymous_0)","decl":{"start":{"line":30,"column":7},"end":{"line":30,"column":12}},"loc":{"start":{"line":30,"column":7},"end":{"line":30,"column":null}},"line":30},"1":{"name":"SafetyCorridorManager","decl":{"start":{"line":88,"column":16},"end":{"line":88,"column":38}},"loc":{"start":{"line":94,"column":31},"end":{"line":347,"column":null}},"line":94},"2":{"name":"(anonymous_2)","decl":{"start":{"line":109,"column":23},"end":{"line":109,"column":null}},"loc":{"start":{"line":112,"column":18},"end":{"line":117,"column":null}},"line":112},"3":{"name":"(anonymous_3)","decl":{"start":{"line":123,"column":24},"end":{"line":123,"column":25}},"loc":{"start":{"line":123,"column":54},"end":{"line":130,"column":null}},"line":123},"4":{"name":"(anonymous_4)","decl":{"start":{"line":141,"column":22},"end":{"line":141,"column":23}},"loc":{"start":{"line":141,"column":44},"end":{"line":202,"column":null}},"line":141},"5":{"name":"(anonymous_5)","decl":{"start":{"line":157,"column":59},"end":{"line":157,"column":67}},"loc":{"start":{"line":157,"column":67},"end":{"line":164,"column":5}},"line":157},"6":{"name":"(anonymous_6)","decl":{"start":{"line":207,"column":31},"end":{"line":207,"column":51}},"loc":{"start":{"line":207,"column":51},"end":{"line":276,"column":null}},"line":207},"7":{"name":"(anonymous_7)","decl":{"start":{"line":279,"column":11},"end":{"line":279,"column":17}},"loc":{"start":{"line":279,"column":17},"end":{"line":303,"column":3}},"line":279},"8":{"name":"(anonymous_8)","decl":{"start":{"line":283,"column":18},"end":{"line":283,"column":26}},"loc":{"start":{"line":283,"column":26},"end":{"line":297,"column":5}},"line":283},"9":{"name":"(anonymous_9)","decl":{"start":{"line":306,"column":31},"end":{"line":306,"column":37}},"loc":{"start":{"line":306,"column":37},"end":{"line":340,"column":5}},"line":306},"10":{"name":"(anonymous_10)","decl":{"start":{"line":311,"column":39},"end":{"line":311,"column":40}},"loc":{"start":{"line":311,"column":60},"end":{"line":337,"column":5}},"line":311},"11":{"name":"(anonymous_11)","decl":{"start":{"line":324,"column":16},"end":{"line":324,"column":17}},"loc":{"start":{"line":324,"column":31},"end":{"line":336,"column":7}},"line":324},"12":{"name":"useSafetyCorridor","decl":{"start":{"line":352,"column":16},"end":{"line":352,"column":36}},"loc":{"start":{"line":352,"column":36},"end":{"line":382,"column":null}},"line":352},"13":{"name":"(anonymous_13)","decl":{"start":{"line":355,"column":29},"end":{"line":355,"column":30}},"loc":{"start":{"line":355,"column":54},"end":{"line":357,"column":null}},"line":355},"14":{"name":"(anonymous_14)","decl":{"start":{"line":359,"column":25},"end":{"line":359,"column":42}},"loc":{"start":{"line":359,"column":42},"end":{"line":366,"column":null}},"line":359},"15":{"name":"(anonymous_15)","decl":{"start":{"line":360,"column":42},"end":{"line":360,"column":47}},"loc":{"start":{"line":360,"column":47},"end":{"line":360,"column":58}},"line":360},"16":{"name":"(anonymous_16)","decl":{"start":{"line":368,"column":30},"end":{"line":368,"column":55}},"loc":{"start":{"line":368,"column":55},"end":{"line":374,"column":null}},"line":368},"17":{"name":"(anonymous_17)","decl":{"start":{"line":371,"column":38},"end":{"line":371,"column":39}},"loc":{"start":{"line":372,"column":6},"end":{"line":372,"column":null}},"line":372}},"branchMap":{"0":{"loc":{"start":{"line":30,"column":12},"end":{"line":30,"column":null}},"type":"binary-expr","locations":[{"start":{"line":30,"column":12},"end":{"line":30,"column":null}},{"start":{"line":30,"column":12},"end":{"line":30,"column":null}}],"line":30},"1":{"loc":{"start":{"line":92,"column":2},"end":{"line":92,"column":null}},"type":"default-arg","locations":[{"start":{"line":92,"column":21},"end":{"line":92,"column":null}}],"line":92},"2":{"loc":{"start":{"line":93,"column":2},"end":{"line":93,"column":null}},"type":"default-arg","locations":[{"start":{"line":93,"column":16},"end":{"line":93,"column":null}}],"line":93},"3":{"loc":{"start":{"line":113,"column":4},"end":{"line":113,"column":null}},"type":"if","locations":[{"start":{"line":113,"column":4},"end":{"line":113,"column":null}},{"start":{},"end":{}}],"line":113},"4":{"loc":{"start":{"line":114,"column":4},"end":{"line":114,"column":null}},"type":"if","locations":[{"start":{"line":114,"column":4},"end":{"line":114,"column":null}},{"start":{},"end":{}}],"line":114},"5":{"loc":{"start":{"line":115,"column":4},"end":{"line":115,"column":null}},"type":"if","locations":[{"start":{"line":115,"column":4},"end":{"line":115,"column":null}},{"start":{},"end":{}}],"line":115},"6":{"loc":{"start":{"line":124,"column":4},"end":{"line":129,"column":null}},"type":"switch","locations":[{"start":{"line":125,"column":6},"end":{"line":125,"column":null}},{"start":{"line":126,"column":6},"end":{"line":126,"column":null}},{"start":{"line":127,"column":6},"end":{"line":127,"column":null}},{"start":{"line":128,"column":6},"end":{"line":128,"column":null}}],"line":124},"7":{"loc":{"start":{"line":142,"column":4},"end":{"line":142,"column":null}},"type":"if","locations":[{"start":{"line":142,"column":4},"end":{"line":142,"column":null}},{"start":{},"end":{}}],"line":142},"8":{"loc":{"start":{"line":146,"column":4},"end":{"line":146,"column":null}},"type":"if","locations":[{"start":{"line":146,"column":4},"end":{"line":146,"column":null}},{"start":{},"end":{}}],"line":146},"9":{"loc":{"start":{"line":150,"column":4},"end":{"line":152,"column":null}},"type":"if","locations":[{"start":{"line":150,"column":4},"end":{"line":152,"column":null}},{"start":{},"end":{}}],"line":150},"10":{"loc":{"start":{"line":151,"column":34},"end":{"line":151,"column":93}},"type":"binary-expr","locations":[{"start":{"line":151,"column":34},"end":{"line":151,"column":58}},{"start":{"line":151,"column":58},"end":{"line":151,"column":93}}],"line":151},"11":{"loc":{"start":{"line":167,"column":4},"end":{"line":169,"column":null}},"type":"if","locations":[{"start":{"line":167,"column":4},"end":{"line":169,"column":null}},{"start":{},"end":{}}],"line":167},"12":{"loc":{"start":{"line":181,"column":4},"end":{"line":201,"column":null}},"type":"switch","locations":[{"start":{"line":182,"column":6},"end":{"line":187,"column":null}},{"start":{"line":188,"column":6},"end":{"line":193,"column":null}},{"start":{"line":194,"column":6},"end":{"line":200,"column":null}}],"line":181},"13":{"loc":{"start":{"line":211,"column":4},"end":{"line":221,"column":null}},"type":"if","locations":[{"start":{"line":211,"column":4},"end":{"line":221,"column":null}},{"start":{},"end":{}}],"line":211},"14":{"loc":{"start":{"line":224,"column":4},"end":{"line":234,"column":null}},"type":"if","locations":[{"start":{"line":224,"column":4},"end":{"line":234,"column":null}},{"start":{},"end":{}}],"line":224},"15":{"loc":{"start":{"line":237,"column":4},"end":{"line":247,"column":null}},"type":"if","locations":[{"start":{"line":237,"column":4},"end":{"line":247,"column":null}},{"start":{},"end":{}}],"line":237},"16":{"loc":{"start":{"line":250,"column":4},"end":{"line":260,"column":null}},"type":"if","locations":[{"start":{"line":250,"column":4},"end":{"line":260,"column":null}},{"start":{},"end":{}}],"line":250},"17":{"loc":{"start":{"line":263,"column":4},"end":{"line":273,"column":null}},"type":"if","locations":[{"start":{"line":263,"column":4},"end":{"line":273,"column":null}},{"start":{},"end":{}}],"line":263},"18":{"loc":{"start":{"line":287,"column":6},"end":{"line":296,"column":null}},"type":"if","locations":[{"start":{"line":287,"column":6},"end":{"line":296,"column":null}},{"start":{},"end":{}}],"line":287},"19":{"loc":{"start":{"line":288,"column":8},"end":{"line":294,"column":null}},"type":"if","locations":[{"start":{"line":288,"column":8},"end":{"line":294,"column":null}},{"start":{},"end":{}}],"line":288},"20":{"loc":{"start":{"line":289,"column":10},"end":{"line":291,"column":null}},"type":"binary-expr","locations":[{"start":{"line":289,"column":10},"end":{"line":289,"column":null}},{"start":{"line":290,"column":10},"end":{"line":290,"column":null}},{"start":{"line":291,"column":10},"end":{"line":291,"column":null}}],"line":289},"21":{"loc":{"start":{"line":300,"column":4},"end":{"line":302,"column":null}},"type":"if","locations":[{"start":{"line":300,"column":4},"end":{"line":302,"column":null}},{"start":{},"end":{}}],"line":300},"22":{"loc":{"start":{"line":307,"column":4},"end":{"line":307,"column":null}},"type":"if","locations":[{"start":{"line":307,"column":4},"end":{"line":307,"column":null}},{"start":{},"end":{}}],"line":307},"23":{"loc":{"start":{"line":312,"column":6},"end":{"line":312,"column":null}},"type":"if","locations":[{"start":{"line":312,"column":6},"end":{"line":312,"column":null}},{"start":{},"end":{}}],"line":312},"24":{"loc":{"start":{"line":314,"column":28},"end":{"line":315,"column":null}},"type":"cond-expr","locations":[{"start":{"line":314,"column":50},"end":{"line":314,"column":null}},{"start":{"line":315,"column":27},"end":{"line":315,"column":null}}],"line":314},"25":{"loc":{"start":{"line":315,"column":27},"end":{"line":315,"column":null}},"type":"cond-expr","locations":[{"start":{"line":315,"column":50},"end":{"line":315,"column":59}},{"start":{"line":315,"column":59},"end":{"line":315,"column":null}}],"line":315},"26":{"loc":{"start":{"
[...]
:{"start":{"line":369,"column":4},"end":{"line":369,"column":null}},"type":"if","locations":[{"start":{"line":369,"column":4},"end":{"line":369,"column":null}},{"start":{},"end":{}}],"line":369},"30":{"loc":{"start":{"line":372,"column":6},"end":{"line":372,"column":null}},"type":"cond-expr","locations":[{"start":{"line":372,"column":41},"end":{"line":372,"column":48}},{"start":{"line":372,"column":48},"end":{"line":372,"column":null}}],"line":372}},"s":{"0":2,"1":2,"2":2,"3":2,"4":2,"5":2,"6":2,"7":0,"8":0,"9":0,"10":0,"11":0,"12":0,"13":0,"14":0,"15":0,"16":0,"17":0,"18":0,"19":0,"20":0,"21":0,"22":0,"23":0,"24":0,"25":0,"26":0,"27":0,"28":0,"29":0,"30":0,"31":0,"32":0,"33":0,"34":0,"35":0,"36":0,"37":0,"38":0,"39":0,"40":0,"41":0,"42":0,"43":0,"44":0,"45":0,"46":0,"47":0,"48":0,"49":0,"50":0,"51":0,"52":0,"53":0,"54":0,"55":0,"56":0,"57":0,"58":0,"59":0,"60":0,"61":0,"62":0,"63":0,"64":0,"65":0,"66":0,"67":0,"68":0,"69":0,"70":0,"71":0,"72":0,"73":0,"74":0,"75":0,"76":0,"77":0,"78":0,"79":0,"80":0,"81":0,"82":0,"83":0,"84":0,"85":0,"86":0,"87":0,"88":0,"89":0,"90":0,"91":0,"92":0,"93":0,"94":0,"95":0,"96":0,"97":0,"98":0,"99":0,"100":0,"101":0,"102":0,"103":0,"104":0,"105":0,"106":0,"107":0,"108":0,"109":0,"110":0,"111":7,"112":7,"113":4,"114":7,"115":3,"116":4,"117":3,"118":1,"119":2,"120":2,"121":1,"122":0,"123":1,"124":7,"125":3,"126":1,"127":2,"128":2,"129":7},"f":{"0":2,"1":0,"2":0,"3":0,"4":0,"5":0,"6":0,"7":0,"8":0,"9":0,"10":0,"11":0,"12":7,"13":4,"14":3,"15":4,"16":3,"17":2},"b":{"0":[2,2],"1":[0],"2":[0],"3":[0,0],"4":[0,0],"5":[0,0],"6":[0,0,0,0],"7":[0,0],"8":[0,0],"9":[0,0],"10":[0,0],"11":[0,0],"12":[0,0,0],"13":[0,0],"14":[0,0],"15":[0,0],"16":[0,0],"17":[0,0],"18":[0,0],"19":[0,0],"20":[0,0,0],"21":[0,0],"22":[0,0],"23":[0,0],"24":[0,0],"25":[0,0],"26":[1,2],"27":[1,1],"28":[0,1],"29":[1,2],"30":[1,1]},"meta":{"lastBranch":31,"lastFunction":18,"lastStatement":130,"seen":{"s:9:30:28:Infinity":0,"s:30:7:30:Infinity":1,"f:30:7:30:12":0,"s:31:2:31:Infinity":2,"s:32:2:32:Infinity":3,"s:33:2:33:Infinity":4,"s:34:2:34:Infinity":5,"s:30:12:30:Infinity":6,"b:30:12:30:Infinity:30:12:30:Infinity":0,"f:88:16:88:38":1,"b:92:21:92:Infinity":1,"b:93:16:93:Infinity":2,"s:95:8:95:Infinity":7,"s:96:8:96:Infinity":8,"s:99:8:99:Infinity":9,"s:102:8:102:Infinity":10,"s:103:8:103:Infinity":11,"s:104:28:104:Infinity":12,"s:109:23:117:Infinity":13,"f:109:23:109:Infinity":2,"b:113:4:113:Infinity:undefined:undefined:undefined:undefined":3,"s:113:4:113:Infinity":14,"s:113:36:113:Infinity":15,"b:114:4:114:Infinity:undefined:undefined:undefined:undefined":4,"s:114:4:114:Infinity":16,"s:114:34:114:Infinity":17,"b:115:4:115:Infinity:undefined:undefined:undefined:undefined":5,"s:115:4:115:Infinity":18,"s:115:35:115:Infinity":19,"s:116:4:116:Infinity":20,"s:123:24:130:Infinity":21,"f:123:24:123:25":3,"b:125:6:125:Infinity:126:6:126:Infinity:127:6:127:Infinity:128:6:128:Infinity":6,"s:124:4:129:Infinity":22,"s:125:27:125:Infinity":23,"s:126:30:126:Infinity":24,"s:127:29:127:Infinity":25,"s:128:31:128:Infinity":26,"s:131:2:131:Infinity":27,"s:141:22:202:Infinity":28,"f:141:22:141:23":4,"b:142:4:142:Infinity:undefined:undefined:undefined:undefined":7,"s:142:4:142:Infinity":29,"s:142:22:142:Infinity":30,"s:145:16:145:Infinity":31,"b:146:4:146:Infinity:undefined:undefined:undefined:undefined":8,"s:146:4:146:Infinity":32,"s:146:57:146:Infinity":33,"s:147:4:147:Infinity":34,"b:150:4:152:Infinity:undefined:undefined:undefined:undefined":9,"s:150:4:152:Infinity":35,"s:151:6:151:Infinity":36,"b:151:34:151:58:151:58:151:93":10,"s:154:16:154:Infinity":37,"s:157:4:164:Infinity":38,"f:157:59:157:67":5,"s:158:6:163:Infinity":39,"s:160:8:160:Infinity":40,"s:162:8:162:Infinity":41,"b:167:4:169:Infinity:undefined:undefined:undefined:undefined":11,"s:167:4:169:Infinity":42,"s:168:6:168:Infinity":43,"s:171:23:171:Infinity":44,"s:172:21:172:Infinity":45,"s:174:4:174:Infinity":46,"s:175:4:175:Infinity":47,"s:178:4:178:Infinity":48,"b:182:6:187:Infinity:188:6:193:Infinity:194:6:200:Infinity":12,"s:181:4:201:Infinity":49,"s:183:8:183:Infinity":50,"s:184:8:184:Infinity":51,"s:185:8:185:Infinity":52,"s:186:8:186:Infinity":53,"s:187:8:187:Infinity":54,"s:189:8:189:Infinity":55,"s:190:8:190:Infinity":56,"s:191:8:191:Infinity":57,"s:192:8:192:Infinity":58,"s:193:8:193:Infinity":59,"s:196:8:196:Infinity":60,"s:197:8:197:Infinity":61,"s:198:8:198:Infinity":62,"s:199:8:199:Infinity":63,"s:200:8:200:Infinity":64,"s:207:31:276:Infinity":65,"f:207:31:207:51":6,"s:208:32:208:Infinity":66,"b:211:4:221:Infinity:undefined:undefined:undefined:undefined":13,"s:211:4:221:Infinity":67,"s:212:23:212:Infinity":68,"s:213:24:213:Infinity":69,"s:214:6:220:Infinity":70,"b:224:4:234:Infinity:undefined:undefined:undefined:undefined":14,"s:224:4:234:Infinity":71,"s:225:23:225:Infinity":72,"s:226:24:226:Infinity":73,"s:227:6:233:Infinity":74,"b:237:4:247:Infinity:undefined:undefined:undefined:undefined":15,"s:237:4:247:Infinity":75,"s:238:23:238:Infinity":76,"s:239:24:239:Infinity":77,"s:240:6:246:Infinity":78,"b:250:4:260:Infinity:undefined:undefined:undefined:undefined":16,"s:250:4:260:Infinity":79,"s:251:23:251:Infinity":80,"s:252:24:252:Infinity":81,"s:253:6:259:Infinity":82,"b:263:4:273:Infinity:undefined:undefined:undefined:undefined":17,"s:263:4:273:Infinity":83,"s:264:23:264:Infinity":84,"s:265:24:265:Infinity":85,"s:266:6:272:Infinity":86,"s:275:4:275:Infinity":87,"s:279:2:303:Infinity":88,"f:279:11:279:17":7,"s:280:18:280:Infinity":89,"s:283:4:297:Infinity":90,"f:283:18:283:26":8,"s:284:24:284:Infinity":91,"b:287:6:296:Infinity:undefined:undefined:undefined:undefined":18,"s:287:6:296:Infinity":92,"b:288:8:294:Infinity:undefined:undefined:undefined:undefined":19,"s:288:8:294:Infinity":93,"b:289:10:289:Infinity:290:10:290:Infinity:291:10:291:Infinity":20,"s:293:10:293:Infinity":94,"s:295:8:295:Infinity":95,"b:300:4:302:Infinity:undefined:undefined:undefined:undefined":21,"s:300:4:302:Infinity":96,"s:301:6:301:Infinity":97,"s:306:8:340:Infinity":98,"f:306:31:306:37":9,"b:307:4:307:Infinity:undefined:undefined:undefined:undefined":22,"s:307:4:307:Infinity":99,"s:307:27:307:Infinity":100,"s:309:42:309:Infinity":101,"s:311:4:337:Infinity":102,"f:311:39:311:40":10,"b:312:6:312:Infinity:undefined:undefined:undefined:undefined":23,"s:312:6:312:Infinity":103,"s:312:21:312:Infinity":104,"s:314:28:315:Infinity":105,"b:314:50:314:Infinity:315:27:315:Infinity":24,"b:315:50:315:59:315:59:315:Infinity":25,"s:316:21:316:Infinity":106,"s:319:6:336:Infinity":107,"f:324:16:324:17":11,"s:325:8:335:Infinity":108,"s:339:4:339:Infinity":109,"s:342:2:345:Infinity":110,"f:352:16:352:36":12,"s:353:8:353:Infinity":111,"s:355:29:357:Infinity":112,"f:355:29:355:30":13,"s:356:4:356:Infinity":113,"s:359:25:366:Infinity":114,"f:359:25:359:42":14,"s:360:18:360:Infinity":115,"f:360:42:360:47":15,"s:360:47:360:58":116,"b:362:4:362:Infinity:undefined:undefined:undefined:undefined":26,"s:362:4:362:Infinity":117,"s:362:44:362:Infinity":118,"b:363:4:363:Infinity:undefined:undefined:undefined:undefined":27,"s:363:4:363:Infinity":119,"s:363:42:363:Infinity":120,"b:364:4:364:Infinity:undefined:undefined:undefined:undefined":28,"s:364:4:364:Infinity":121,"s:364:43:364:Infinity":122,"s:365:4:365:Infinity":123,"s:368:30:374:Infinity":124,"f:368:30:368:55":16,"b:369:4:369:Infinity:undefined:undefined:undefined:undefined":29,"s:369:4:369:Infinity":125,"s:369:42:369:Infinity":126,"s:371:4:373:Infinity":127,"f:371:38:371:39":17,"s:372:6:372:Infinity":128,"b:372:41:372:48:372:48:372:Infinity":30,"s:376:2:381:Infinity":129}}}
,"/Users/matheusrech/simulation-game/src/components/ui/SafetyHUD.tsx": {"path":"/Users/matheusrech/simulation-game/src/components/ui/SafetyHUD.tsx","statementMap":{"0":{"start":{"line":25,"column":2},"end":{"line":25,"column":null}},"1":{"start":{"line":25,"column":16},"end":{"line":25,"column":null}},"2":{"start":{"line":30,"column":23},"end":{"line":37,"column":null}},"3":{"start":{"line":31,"column":4},"end":{"line":36,"column":null}},"4":{"start":{"line":32,"column":27},"end":{"line":32,"column":null}},"5":{"start":{"line":33,"column":30},"end":{"line":33,"column":null}},"6":{"start":{"line":34,"column":29},"end":{"line":34,"column":null}},"7":{"start":{"line":35,"column":31},"end":{"line":35,"column":null}},"8":{"start":{"line":42,"column":23},"end":{"line":49,"column":null}},"9":{"start":{"line":43,"column":4},"end":{"line":48,"column":null}},"10":{"start":{"line":44,"column":27},"end":{"line":44,"column":null}},"11":{"start":{"line":45,"column":30},"end":{"line":45,"column":null}},"12":{"start":{"line":46,"column":29},"end":{"line":46,"column":null}},"13":{"start":{"line":47,"column":31},"end":{"line":47,"column":null}},"14":{"start":{"line":54,"column":23},"end":{"line":61,"column":null}},"15":{"start":{"line":55,"column":4},"end":{"line":60,"column":null}},"16":{"start":{"line":56,"column":27},"end":{"line":56,"column":null}},"17":{"start":{"line":57,"column":30},"end":{"line":57,"column":null}},"18":{"start":{"line":58,"column":29},"end":{"line":58,"column":null}},"19":{"start":{"line":59,"column":31},"end":{"line":59,"column":null}},"20":{"start":{"line":66,"column":8},"end":{"line":75,"column":null}},"21":{"start":{"line":67,"column":4},"end":{"line":67,"column":null}},"22":{"start":{"line":67,"column":34},"end":{"line":67,"column":null}},"23":{"start":{"line":69,"column":18},"end":{"line":69,"column":null}},"24":{"start":{"line":69,"column":39},"end":{"line":69,"column":50}},"25":{"start":{"line":71,"column":4},"end":{"line":71,"column":null}},"26":{"start":{"line":71,"column":44},"end":{"line":71,"column":null}},"27":{"start":{"line":72,"column":4},"end":{"line":72,"column":null}},"28":{"start":{"line":72,"column":42},"end":{"line":72,"column":null}},"29":{"start":{"line":73,"column":4},"end":{"line":73,"column":null}},"30":{"start":{"line":73,"column":43},"end":{"line":73,"column":null}},"31":{"start":{"line":74,"column":4},"end":{"line":74,"column":null}},"32":{"start":{"line":80,"column":8},"end":{"line":85,"column":null}},"33":{"start":{"line":81,"column":4},"end":{"line":81,"column":null}},"34":{"start":{"line":81,"column":34},"end":{"line":81,"column":null}},"35":{"start":{"line":82,"column":4},"end":{"line":84,"column":null}},"36":{"start":{"line":83,"column":6},"end":{"line":83,"column":null}},"37":{"start":{"line":88,"column":2},"end":{"line":120,"column":null}},"38":{"start":{"line":89,"column":4},"end":{"line":89,"column":null}},"39":{"start":{"line":89,"column":27},"end":{"line":89,"column":null}},"40":{"start":{"line":91,"column":4},"end":{"line":118,"column":null}},"41":{"start":{"line":123,"column":2},"end":{"line":241,"column":null}},"42":{"start":{"line":167,"column":10},"end":{"line":194,"column":null}}},"fnMap":{"0":{"name":"SafetyHUD","decl":{"start":{"line":24,"column":16},"end":{"line":24,"column":26}},"loc":{"start":{"line":24,"column":92},"end":{"line":243,"column":null}},"line":24},"1":{"name":"(anonymous_1)","decl":{"start":{"line":30,"column":23},"end":{"line":30,"column":24}},"loc":{"start":{"line":30,"column":53},"end":{"line":37,"column":null}},"line":30},"2":{"name":"(anonymous_2)","decl":{"start":{"line":42,"column":23},"end":{"line":42,"column":24}},"loc":{"start":{"line":42,"column":53},"end":{"line":49,"column":null}},"line":42},"3":{"name":"(anonymous_3)","decl":{"start":{"line":54,"column":23},"end":{"line":54,"column":24}},"loc":{"start":{"line":54,"column":53},"end":{"line":61,"column":null}},"line":54},"4":{"name":"(anonymous_4)","decl":{"start":{"line":66,"column":30},"end":{"line":66,"column":36}},"loc":{"start":{"line":66,"column":36},"end":{"line":75,"column":5}},"line":66},"5":{"name":"(anonymous_5)","decl":{"start":{"line":69,"column":34},"end":{"line":69,"column":39}},"loc":{"start":{"line":69,"column":39},"end":{"line":69,"column":50}},"line":69},"6":{"name":"(anonymous_6)","decl":{"start":{"line":80,"column":35},"end":{"line":80,"column":41}},"loc":{"start":{"line":80,"column":41},"end":{"line":85,"column":5}},"line":80},"7":{"name":"(anonymous_7)","decl":{"start":{"line":82,"column":30},"end":{"line":82,"column":31}},"loc":{"start":{"line":83,"column":6},"end":{"line":83,"column":null}},"line":83},"8":{"name":"(anonymous_8)","decl":{"start":{"line":166,"column":25},"end":{"line":166,"column":26}},"loc":{"start":{"line":167,"column":10},"end":{"line":194,"column":null}},"line":167}},"branchMap":{"0":{"loc":{"start":{"line":24,"column":41},"end":{"line":24,"column":57}},"type":"default-arg","locations":[{"start":{"line":24,"column":51},"end":{"line":24,"column":57}}],"line":24},"1":{"loc":{"start":{"line":24,"column":57},"end":{"line":24,"column":73}},"type":"default-arg","locations":[{"start":{"line":24,"column":67},"end":{"line":24,"column":73}}],"line":24},"2":{"loc":{"start":{"line":25,"column":2},"end":{"line":25,"column":null}},"type":"if","locations":[{"start":{"line":25,"column":2},"end":{"line":25,"column":null}},{"start":{},"end":{}}],"line":25},"3":{"loc":{"start":{"line":31,"column":4},"end":{"line":36,"column":null}},"type":"switch","locations":[{"start":{"line":32,"column":6},"end":{"line":32,"column":null}},{"start":{"line":33,"column":6},"end":{"line":33,"column":null}},{"start":{"line":34,"column":6},"end":{"line":34,"column":null}},{"start":{"line":35,"column":6},"end":{"line":35,"column":null}}],"line":31},"4":{"loc":{"start":{"line":43,"column":4},"end":{"line":48,"column":null}},"type":"switch","locations":[{"start":{"line":44,"column":6},"end":{"line":44,"column":null}},{"start":{"line":45,"column":6},"end":{"line":45,"column":null}},{"start":{"line":46,"column":6},"end":{"line":46,"column":null}},{"start":{"line":47,"column":6},"end":{"line":47,"column":null}}],"line":43},"5":{"loc":{"start":{"line":55,"column":4},"end":{"line":60,"column":null}},"type":"switch","locations":[{"start":{"line":56,"column":6},"end":{"line":56,"column":null}},{"start":{"line":57,"column":6},"end":{"line":57,"column":null}},{"start":{"line":58,"column":6},"end":{"line":58,"column":null}},{"start":{"line":59,"column":6},"end":{"line":59,"column":null}}],"line":55},"6":{"loc":{"start":{"line":67,"column":4},"end":{"line":67,"column":null}},"type":"if","locations":[{"start":{"line":67,"column":4},"end":{"line":67,"column":null}},{"start":{},"end":{}}],"line":67},"7":{"loc":{"start":{"line":71,"column":4},"end":{"line":71,"column":null}},"type":"if","locations":[{"start":{"line":71,"column":4},"end":{"line":71,"column":null}},{"start":{},"end":{}}],"line":71},"8":{"loc":{"start":{"line":72,"column":4},"end":{"line":72,"column":null}},"type":"if","locations":[{"start":{"line":72,"column":4},"end":{"line":72,"column":null}},{"start":{},"end":{}}],"line":72},"9":{"loc":{"start":{"line":73,"column":4},"end":{"line":73,"column":null}},"type":"if","locations":[{"start":{"line":73,"column":4},"end":{"line":73,"column":null}},{"start":{},"end":{}}],"line":73},"10":{"loc":{"start":{"line":81,"column":4},"end":{"line":81,"column":null}},"type":"if","locations":[{"start":{"line":81,"column":4},"end":{"line":81,"column":null}},{"start":{},"end":{}}],"line":81},"11":{"loc":{"start":{"line":83,"column":6},"end":{"line":83,"column":null}},"type":"cond-expr","locations":[{"start":{"line":83,"column":41},"end":{"line":83,"column":48}},{"start":{"line":83,"column":48},"end":{"line":83,"column":null}}],"line":83},"12":{"loc":{"start":{"line":88,"column":2},"end":{"line":120,"column":null}},"type":"if","locations":[{"start":{"line":88,"column":2},"end":{"line":120,"column":null}},{"start":{},"end":{}}],"line":88},"13":{"loc":{"start":{"line":89,"column":4},"end":{"line":89,"column":null}},"type":"if","locations":[{"start":{"line":89,"column":4},"end":{"line":89,"column":null}},{"start":{},"end":{}}],"line":89},"14":{"loc":{"start":{"line":105,"column":21},"end":{"line":105,"column":null}},"type":"cond-expr","locations":[{"start":{"line":105,"column":73},"end":{"line":105,"column":97}},{"start":{"line":105,"column":97},"end":{"line":105,"column":null}}],"line":105},"15":{"loc":{"start":{"line":138,"column":19},"end":{"line":138,"column":null}},"type":"cond-expr","locations":[{"start":{"line":138,"column":56},"end":{"line":138,"column":80}},{"start":{"line":138,"column":80},"end":{"line":138,"column":null}}],"line":138},"16":{"loc":{"start":{"line":175,"column":16},"end":{"line":177,"column":null}},"type":"cond-expr","locations":[{"start":{"line":176,"column":20},"end":{"line":176,"column":null}},{"start":{"line":177,"column":20},"end":{"line":177,"column":null}}],"line":175},"17":{"loc":{"start":{"line":175,"column":16},"end":{"line":175,"column":null}},"type":"binary-expr","locations":[{"start":{"line":175,"column":16},"end":{"line":175,"column":57}},{"start":{"line":175,"column":57},"end":{"line":175,"column":null}}],"line":175},"18":{"loc":{"start":{"line":217,"column":7},"end":{"line":232,"column":null}},"type":"binary-expr","locations":[{"start":{"line":217,"column":7},"end":{"line":217,"column":null}},{"start":{"line":218,"column":8},"end":{"line":232,"column":null}}],"line":217}},"s":{"0":29,"1":1,"2":28,"3":42,"4":20,"5":11,"6":4,"7":7,"8":28,"9":27,"10":9,"11":8,"12":3,"13":7,"14":28,"15":135,"16":57,"17":36,"18":14,"19":28,"20":28,"21":28,"22":3,"23":25,"24":43,"25":25,"26":7,"27":18,"28":3,"29":15,"30":8,"31":7,"32":28,"33":28,"34":3,"35":25,"36":18,"37":28,"38":4,"39":1,"40":3,"41":24,"42":39},"f":{"0":29,"1":42,"2":27,"3":135,"4":28,"5":43,"6":28,"7":18,"8":39},"b":{"0":[29],"1":[29],"2":[1,28],"3":[20,11,4,7],"4":[9,8,3,7],"5":[57,36,14,28],"6":[3,25],"7":[7,18],"8":[3,15],"9":[8,7],"10":[3,25],"11":[4,14],"12":[4,24],"13":[1,3],"14":[0,3],"15":[7,17],"16":[11,28],"17":[39,32],"18":[29,7]},"meta":{"lastBranch":19,"lastFunction":9,"lastStatement":43,"seen":{"f:24:16:24:26":0,"b:24:51:24:57":0,"b:24:67:24:73":1,"b:25:2:25:Infinity:undefined:undefined:undefined:undefined":2,"s:25:2:25:Infinity":0,"s:25:16:25:Infinity":1,"s:30:23:37:Infinity":2,"f:30:23:30:24":1,"b:32:6:32:Infinity:33:6:33:Infinity:34:6:34:Infinity:35:6:35:Infinity":3,"s:31:4:36:Infinity":3,"s:32:27:32:Infinity":4,"s:33:30:33:Infinity":5,"s:34:29:34:Infinity":6,"s:35:31:35:Infinity":7,"s:42:23:49:Infinity":8,"f:42:23:42:24":2,"b:44:6:44:Infinity:45:6:45:Infinity:46:6:46:Infinity:47:6:47:Infinity":4,"s:43:4:48:Infinity":9,"s:44:27:44:Infinity":10,"s:45:30:45:Infinity":11,"s:46:29:46:Infinity":12,"s:47:31:47:Infinity":13,"s:54:23:61:Infinity":14,"f:54:23:54:24":3,"b:56:6:56:Infinity:57:6:57:Infinity:58:6:58:Infinity:59:6:59:Infinity":5,"s:55:4:60:Infinity":15,"s:56:27:56:Infinity":16,"s:57:30:57:Infinity":17,"s:58:29:58:Infinity":18,"s:59:31:59:Infinity":19,"s:66:8:75:Infinity":20,"f:66:30:66:36":4,"b:67:4:67:Infinity:undefined:undefined:undefined:undefined":6,"s:67:4:67:Infinity":21,"s:67:34:67:Infinity":22,"s:69:18:69:Infinity":23,"f:69:34:69:39":5,"s:69:39:69:50":24,"b:71:4:71:Infinity:undefined:undefined:undefined:undefined":7,"s:71:4:71:Infinity":25,"s:71:44:71:Infinity":26,"b:72:4:72:Infinity:undefined:undefined:undefined:undefined":8,"s:72:4:72:Infinity":27,"s:72:42:72:Infinity":28,"b:73:4:73:Infinity:undefined:undefined:undefined:undefined":9,"s:73:4:73:Infinity":29,"s:73:43:73:Infinity":30,"s:74:4:74:Infinity":31,"s:80:8:85:Infinity":32,"f:80:35:80:41":6,"b:81:4:81:Infinity:undefined:undefined:undefined:undefined":10,"s:81:4:81:Infinity":33,"s:81:34:81:Infinity":34,"s:82:4:84:Infinity":35,"f:82:30:82:31":7,"s:83:6:83:Infinity":36,"b:83:41:83:48:83:48:83:Infinity":11,"b:88:2:120:Infinity:undefined:undefined:undefined:undefined":12,"s:88:2:120:Infinity":37,"b:89:4:89:Infinity:undefined:undefined:undefined:undefined":13,"s:89:4:89:Infinity":38,"s:89:27:89:Infinity":39,"s:91:4:118:Infinity":40,"b:105:73:105:97:105:97:105:Infinity":14,"s:123:2:241:Infinity":41,"b:138:56:138:80:138:80:138:Infinity":15,"f:166:25:166:26":8,"s:167:10:194:Infinity":42,"b:176:20:176:Infinity:177:20:177:Infinity":16,"b:175:16:175:57:175:57:175:Infinity":17,"b:217:7:217:Infinity:218:8:232:Infinity":18}}}
}
